<?xml version="1.0" encoding="UTF-8"?>
<testsuite name="birdrun.controller.Test_ArenaController" tests="25" skipped="0" failures="0" errors="0" timestamp="2022-01-15T15:25:19" hostname="zenbook" time="1.137">
  <properties/>
  <testcase name="Test canBirdMove [x: -10, y: -10, #0]" classname="birdrun.controller.Test_ArenaController" time="0.187"/>
  <testcase name="Test canBirdMove [x: 0, y: 0, #1]" classname="birdrun.controller.Test_ArenaController" time="0.042"/>
  <testcase name="Test canBirdMove [x: -1, y: -1, #2]" classname="birdrun.controller.Test_ArenaController" time="0.041"/>
  <testcase name="Test canBirdMove [x: 0, y: -2, #3]" classname="birdrun.controller.Test_ArenaController" time="0.034"/>
  <testcase name="Test canBirdMove [x: 1, y: 3, #4]" classname="birdrun.controller.Test_ArenaController" time="0.034"/>
  <testcase name="Test canBirdMove [x: 2, y: 6, #5]" classname="birdrun.controller.Test_ArenaController" time="0.04"/>
  <testcase name="Test canBirdMove [x: 4, y: 8, #6]" classname="birdrun.controller.Test_ArenaController" time="0.043"/>
  <testcase name="Test canBirdMove [x: 46, y: 0, #7]" classname="birdrun.controller.Test_ArenaController" time="0.037"/>
  <testcase name="Test canBirdMove [x: 7, y: 123, #8]" classname="birdrun.controller.Test_ArenaController" time="0.045"/>
  <testcase name="Test canBirdMove [x: 78, y: 34, #9]" classname="birdrun.controller.Test_ArenaController" time="0.037"/>
  <testcase name="Test canBirdMove [x: 15, y: 15, #10]" classname="birdrun.controller.Test_ArenaController" time="0.042"/>
  <testcase name="Test canBirdMove [x: 9999, y: 8, #11]" classname="birdrun.controller.Test_ArenaController" time="0.041"/>
  <testcase name="Test moveBird [x: -10, y: -10, #0]" classname="birdrun.controller.Test_ArenaController" time="0.039"/>
  <testcase name="Test moveBird [x: 0, y: 0, #1]" classname="birdrun.controller.Test_ArenaController" time="0.04"/>
  <testcase name="Test moveBird [x: -1, y: -1, #2]" classname="birdrun.controller.Test_ArenaController" time="0.069"/>
  <testcase name="Test moveBird [x: 0, y: -2, #3]" classname="birdrun.controller.Test_ArenaController" time="0.057"/>
  <testcase name="Test moveBird [x: 1, y: 3, #4]" classname="birdrun.controller.Test_ArenaController" time="0.057"/>
  <testcase name="Test moveBird [x: 2, y: 6, #5]" classname="birdrun.controller.Test_ArenaController" time="0.037"/>
  <testcase name="Test moveBird [x: 4, y: 8, #6]" classname="birdrun.controller.Test_ArenaController" time="0.025"/>
  <testcase name="Test moveBird [x: 46, y: 0, #7]" classname="birdrun.controller.Test_ArenaController" time="0.032"/>
  <testcase name="Test moveBird [x: 7, y: 123, #8]" classname="birdrun.controller.Test_ArenaController" time="0.027"/>
  <testcase name="Test moveBird [x: 78, y: 34, #9]" classname="birdrun.controller.Test_ArenaController" time="0.033"/>
  <testcase name="Test moveBird [x: 15, y: 15, #10]" classname="birdrun.controller.Test_ArenaController" time="0.027"/>
  <testcase name="Test moveBird [x: 9999, y: 8, #11]" classname="birdrun.controller.Test_ArenaController" time="0.031"/>
  <testcase name="Test playerAlive" classname="birdrun.controller.Test_ArenaController" time="0.023"/>
  <system-out><![CDATA[]]></system-out>
  <system-err><![CDATA[javax.sound.sampled.LineUnavailableException: line with format PCM_SIGNED 48000.0 Hz, 16 bit, stereo, 4 bytes/frame, little-endian not supported.
	at java.desktop/com.sun.media.sound.DirectAudioDevice$DirectDL.implOpen(DirectAudioDevice.java:484)
	at java.desktop/com.sun.media.sound.DirectAudioDevice$DirectClip.implOpen(DirectAudioDevice.java:1241)
	at java.desktop/com.sun.media.sound.AbstractDataLine.open(AbstractDataLine.java:115)
	at java.desktop/com.sun.media.sound.DirectAudioDevice$DirectClip.open(DirectAudioDevice.java:1038)
	at java.desktop/com.sun.media.sound.DirectAudioDevice$DirectClip.open(DirectAudioDevice.java:1134)
	at birdrun.controller.MusicController.loadSound(MusicController.java:39)
	at birdrun.controller.MusicController.loadMusicFiles(MusicController.java:27)
	at birdrun.controller.MusicController.<init>(MusicController.java:19)
	at birdrun.controller.arena.ArenaController.<init>(ArenaController.java:50)
	at java.base/jdk.internal.reflect.NativeConstructorAccessorImpl.newInstance0(Native Method)
	at java.base/jdk.internal.reflect.NativeConstructorAccessorImpl.newInstance(NativeConstructorAccessorImpl.java:77)
	at java.base/jdk.internal.reflect.DelegatingConstructorAccessorImpl.newInstance(DelegatingConstructorAccessorImpl.java:45)
	at java.base/java.lang.reflect.Constructor.newInstanceWithCaller(Constructor.java:499)
	at java.base/java.lang.reflect.Constructor.newInstance(Constructor.java:480)
	at org.codehaus.groovy.reflection.CachedConstructor.invoke(CachedConstructor.java:72)
	at org.codehaus.groovy.runtime.callsite.ConstructorSite$ConstructorSiteNoUnwrapNoCoerce.callConstructor(ConstructorSite.java:105)
	at org.codehaus.groovy.runtime.callsite.AbstractCallSite.callConstructor(AbstractCallSite.java:277)
	at birdrun.controller.Test_ArenaController.setup(Test_ArenaController.groovy:20)
	at java.base/jdk.internal.reflect.NativeMethodAccessorImpl.invoke0(Native Method)
	at java.base/jdk.internal.reflect.NativeMethodAccessorImpl.invoke(NativeMethodAccessorImpl.java:77)
	at java.base/jdk.internal.reflect.DelegatingMethodAccessorImpl.invoke(DelegatingMethodAccessorImpl.java:43)
	at java.base/java.lang.reflect.Method.invoke(Method.java:568)
	at org.spockframework.util.ReflectionUtil.invokeMethod(ReflectionUtil.java:198)
	at org.spockframework.runtime.model.MethodInfo.lambda$new$0(MethodInfo.java:47)
	at org.spockframework.runtime.model.MethodInfo.invoke(MethodInfo.java:148)
	at org.spockframework.runtime.PlatformSpecRunner.invokeRaw(PlatformSpecRunner.java:409)
	at org.spockframework.runtime.PlatformSpecRunner.invoke(PlatformSpecRunner.java:392)
	at org.spockframework.runtime.PlatformSpecRunner.doRunSetup(PlatformSpecRunner.java:315)
	at org.spockframework.runtime.PlatformSpecRunner.lambda$createMethodInfoForDoRunSetup$7(PlatformSpecRunner.java:297)
	at org.spockframework.runtime.model.MethodInfo.invoke(MethodInfo.java:148)
	at org.spockframework.runtime.PlatformSpecRunner.invokeRaw(PlatformSpecRunner.java:409)
	at org.spockframework.runtime.PlatformSpecRunner.invoke(PlatformSpecRunner.java:392)
	at org.spockframework.runtime.PlatformSpecRunner.runSetup(PlatformSpecRunner.java:291)
	at org.spockframework.runtime.PlatformSpecRunner.runSetup(PlatformSpecRunner.java:286)
	at org.spockframework.runtime.IterationNode.before(IterationNode.java:38)
	at org.spockframework.runtime.IterationNode.before(IterationNode.java:11)
	at org.junit.platform.engine.support.hierarchical.NodeTestTask.lambda$executeRecursively$6(NodeTestTask.java:148)
	at org.junit.platform.engine.support.hierarchical.ThrowableCollector.execute(ThrowableCollector.java:73)
	at org.junit.platform.engine.support.hierarchical.NodeTestTask.lambda$executeRecursively$8(NodeTestTask.java:141)
	at org.spockframework.runtime.SpockNode.sneakyInvoke(SpockNode.java:40)
	at org.spockframework.runtime.IterationNode.lambda$around$0(IterationNode.java:63)
	at org.spockframework.runtime.PlatformSpecRunner.lambda$createMethodInfoForDoRunIteration$5(PlatformSpecRunner.java:238)
	at org.spockframework.runtime.model.MethodInfo.invoke(MethodInfo.java:148)
	at org.spockframework.runtime.PlatformSpecRunner.invokeRaw(PlatformSpecRunner.java:409)
	at org.spockframework.runtime.PlatformSpecRunner.invoke(PlatformSpecRunner.java:392)
	at org.spockframework.runtime.PlatformSpecRunner.runIteration(PlatformSpecRunner.java:220)
	at org.spockframework.runtime.IterationNode.around(IterationNode.java:63)
	at org.spockframework.runtime.IterationNode.around(IterationNode.java:11)
	at org.junit.platform.engine.support.hierarchical.NodeTestTask.lambda$executeRecursively$9(NodeTestTask.java:139)
	at org.junit.platform.engine.support.hierarchical.ThrowableCollector.execute(ThrowableCollector.java:73)
	at org.junit.platform.engine.support.hierarchical.NodeTestTask.executeRecursively(NodeTestTask.java:138)
	at org.junit.platform.engine.support.hierarchical.NodeTestTask.execute(NodeTestTask.java:95)
	at org.junit.platform.engine.support.hierarchical.SameThreadHierarchicalTestExecutorService.submit(SameThreadHierarchicalTestExecutorService.java:35)
	at org.junit.platform.engine.support.hierarchical.NodeTestTask$DefaultDynamicTestExecutor.execute(NodeTestTask.java:226)
	at org.junit.platform.engine.support.hierarchical.NodeTestTask$DefaultDynamicTestExecutor.execute(NodeTestTask.java:204)
	at org.spockframework.runtime.ParameterizedFeatureChildExecutor.execute(ParameterizedFeatureChildExecutor.java:53)
	at org.spockframework.runtime.PlatformParameterizedSpecRunner.runIterations(PlatformParameterizedSpecRunner.java:186)
	at org.spockframework.runtime.PlatformParameterizedSpecRunner.runParameterizedFeature(PlatformParameterizedSpecRunner.java:45)
	at org.spockframework.runtime.ParameterizedFeatureNode.execute(ParameterizedFeatureNode.java:40)
	at org.spockframework.runtime.ParameterizedFeatureNode.execute(ParameterizedFeatureNode.java:16)
	at org.junit.platform.engine.support.hierarchical.NodeTestTask.lambda$executeRecursively$6(NodeTestTask.java:151)
	at org.junit.platform.engine.support.hierarchical.ThrowableCollector.execute(ThrowableCollector.java:73)
	at org.junit.platform.engine.support.hierarchical.NodeTestTask.lambda$executeRecursively$8(NodeTestTask.java:141)
	at org.spockframework.runtime.SpockNode.sneakyInvoke(SpockNode.java:40)
	at org.spockframework.runtime.FeatureNode.lambda$around$0(FeatureNode.java:29)
	at org.spockframework.runtime.PlatformSpecRunner.lambda$createMethodInfoForDoRunFeature$4(PlatformSpecRunner.java:201)
	at org.spockframework.runtime.model.MethodInfo.invoke(MethodInfo.java:148)
	at org.spockframework.runtime.PlatformSpecRunner.invokeRaw(PlatformSpecRunner.java:409)
	at org.spockframework.runtime.PlatformSpecRunner.invoke(PlatformSpecRunner.java:392)
	at org.spockframework.runtime.PlatformSpecRunner.runFeature(PlatformSpecRunner.java:194)
	at org.spockframework.runtime.FeatureNode.around(FeatureNode.java:29)
	at org.spockframework.runtime.FeatureNode.around(FeatureNode.java:8)
	at org.junit.platform.engine.support.hierarchical.NodeTestTask.lambda$executeRecursively$9(NodeTestTask.java:139)
	at org.junit.platform.engine.support.hierarchical.ThrowableCollector.execute(ThrowableCollector.java:73)
	at org.junit.platform.engine.support.hierarchical.NodeTestTask.executeRecursively(NodeTestTask.java:138)
	at org.junit.platform.engine.support.hierarchical.NodeTestTask.execute(NodeTestTask.java:95)
	at java.base/java.util.ArrayList.forEach(ArrayList.java:1511)
	at org.junit.platform.engine.support.hierarchical.SameThreadHierarchicalTestExecutorService.invokeAll(SameThreadHierarchicalTestExecutorService.java:41)
	at org.junit.platform.engine.support.hierarchical.NodeTestTask.lambda$executeRecursively$6(NodeTestTask.java:155)
	at org.junit.platform.engine.support.hierarchical.ThrowableCollector.execute(ThrowableCollector.java:73)
	at org.junit.platform.engine.support.hierarchical.NodeTestTask.lambda$executeRecursively$8(NodeTestTask.java:141)
	at org.spockframework.runtime.SpockNode.sneakyInvoke(SpockNode.java:40)
	at org.spockframework.runtime.SpecNode.lambda$around$0(SpecNode.java:63)
	at org.spockframework.runtime.PlatformSpecRunner.lambda$createMethodInfoForDoRunSpec$0(PlatformSpecRunner.java:61)
	at org.spockframework.runtime.model.MethodInfo.invoke(MethodInfo.java:148)
	at org.spockframework.runtime.PlatformSpecRunner.invokeRaw(PlatformSpecRunner.java:409)
	at org.spockframework.runtime.PlatformSpecRunner.invoke(PlatformSpecRunner.java:392)
	at org.spockframework.runtime.PlatformSpecRunner.runSpec(PlatformSpecRunner.java:55)
	at org.spockframework.runtime.SpecNode.around(SpecNode.java:63)
	at org.spockframework.runtime.SpecNode.around(SpecNode.java:11)
	at org.junit.platform.engine.support.hierarchical.NodeTestTask.lambda$executeRecursively$9(NodeTestTask.java:139)
	at org.junit.platform.engine.support.hierarchical.ThrowableCollector.execute(ThrowableCollector.java:73)
	at org.junit.platform.engine.support.hierarchical.NodeTestTask.executeRecursively(NodeTestTask.java:138)
	at org.junit.platform.engine.support.hierarchical.NodeTestTask.execute(NodeTestTask.java:95)
	at java.base/java.util.ArrayList.forEach(ArrayList.java:1511)
	at org.junit.platform.engine.support.hierarchical.SameThreadHierarchicalTestExecutorService.invokeAll(SameThreadHierarchicalTestExecutorService.java:41)
	at org.junit.platform.engine.support.hierarchical.NodeTestTask.lambda$executeRecursively$6(NodeTestTask.java:155)
	at org.junit.platform.engine.support.hierarchical.ThrowableCollector.execute(ThrowableCollector.java:73)
	at org.junit.platform.engine.support.hierarchical.NodeTestTask.lambda$executeRecursively$8(NodeTestTask.java:141)
	at org.junit.platform.engine.support.hierarchical.Node.around(Node.java:137)
	at org.junit.platform.engine.support.hierarchical.NodeTestTask.lambda$executeRecursively$9(NodeTestTask.java:139)
	at org.junit.platform.engine.support.hierarchical.ThrowableCollector.execute(ThrowableCollector.java:73)
	at org.junit.platform.engine.support.hierarchical.NodeTestTask.executeRecursively(NodeTestTask.java:138)
	at org.junit.platform.engine.support.hierarchical.NodeTestTask.execute(NodeTestTask.java:95)
	at org.junit.platform.engine.support.hierarchical.SameThreadHierarchicalTestExecutorService.submit(SameThreadHierarchicalTestExecutorService.java:35)
	at org.junit.platform.engine.support.hierarchical.HierarchicalTestExecutor.execute(HierarchicalTestExecutor.java:57)
	at org.junit.platform.engine.support.hierarchical.HierarchicalTestEngine.execute(HierarchicalTestEngine.java:54)
	at org.junit.platform.launcher.core.EngineExecutionOrchestrator.execute(EngineExecutionOrchestrator.java:107)
	at org.junit.platform.launcher.core.EngineExecutionOrchestrator.execute(EngineExecutionOrchestrator.java:88)
	at org.junit.platform.launcher.core.EngineExecutionOrchestrator.lambda$execute$0(EngineExecutionOrchestrator.java:54)
	at org.junit.platform.launcher.core.EngineExecutionOrchestrator.withInterceptedStreams(EngineExecutionOrchestrator.java:67)
	at org.junit.platform.launcher.core.EngineExecutionOrchestrator.execute(EngineExecutionOrchestrator.java:52)
	at org.junit.platform.launcher.core.DefaultLauncher.execute(DefaultLauncher.java:114)
	at org.junit.platform.launcher.core.DefaultLauncher.execute(DefaultLauncher.java:86)
	at org.junit.platform.launcher.core.DefaultLauncherSession$DelegatingLauncher.execute(DefaultLauncherSession.java:86)
	at org.junit.platform.launcher.core.SessionPerRequestLauncher.execute(SessionPerRequestLauncher.java:53)
	at org.gradle.api.internal.tasks.testing.junitplatform.JUnitPlatformTestClassProcessor$CollectAllTestClassesExecutor.processAllTestClasses(JUnitPlatformTestClassProcessor.java:99)
	at org.gradle.api.internal.tasks.testing.junitplatform.JUnitPlatformTestClassProcessor$CollectAllTestClassesExecutor.access$000(JUnitPlatformTestClassProcessor.java:79)
	at org.gradle.api.internal.tasks.testing.junitplatform.JUnitPlatformTestClassProcessor.stop(JUnitPlatformTestClassProcessor.java:75)
	at org.gradle.api.internal.tasks.testing.SuiteTestClassProcessor.stop(SuiteTestClassProcessor.java:61)
	at java.base/jdk.internal.reflect.NativeMethodAccessorImpl.invoke0(Native Method)
	at java.base/jdk.internal.reflect.NativeMethodAccessorImpl.invoke(NativeMethodAccessorImpl.java:77)
	at java.base/jdk.internal.reflect.DelegatingMethodAccessorImpl.invoke(DelegatingMethodAccessorImpl.java:43)
	at java.base/java.lang.reflect.Method.invoke(Method.java:568)
	at org.gradle.internal.dispatch.ReflectionDispatch.dispatch(ReflectionDispatch.java:36)
	at org.gradle.internal.dispatch.ReflectionDispatch.dispatch(ReflectionDispatch.java:24)
	at org.gradle.internal.dispatch.ContextClassLoaderDispatch.dispatch(ContextClassLoaderDispatch.java:33)
	at org.gradle.internal.dispatch.ProxyDispatchAdapter$DispatchingInvocationHandler.invoke(ProxyDispatchAdapter.java:94)
	at jdk.proxy1/jdk.proxy1.$Proxy2.stop(Unknown Source)
	at org.gradle.api.internal.tasks.testing.worker.TestWorker$3.run(TestWorker.java:193)
	at org.gradle.api.internal.tasks.testing.worker.TestWorker.executeAndMaintainThreadName(TestWorker.java:129)
	at org.gradle.api.internal.tasks.testing.worker.TestWorker.execute(TestWorker.java:100)
	at org.gradle.api.internal.tasks.testing.worker.TestWorker.execute(TestWorker.java:60)
	at org.gradle.process.internal.worker.child.ActionExecutionWorker.execute(ActionExecutionWorker.java:56)
	at org.gradle.process.internal.worker.child.SystemApplicationClassLoaderWorker.call(SystemApplicationClassLoaderWorker.java:133)
	at org.gradle.process.internal.worker.child.SystemApplicationClassLoaderWorker.call(SystemApplicationClassLoaderWorker.java:71)
	at worker.org.gradle.process.internal.worker.GradleWorkerMain.run(GradleWorkerMain.java:69)
	at worker.org.gradle.process.internal.worker.GradleWorkerMain.main(GradleWorkerMain.java:74)
javax.sound.sampled.LineUnavailableException: line with format PCM_SIGNED 48000.0 Hz, 16 bit, stereo, 4 bytes/frame, little-endian not supported.
	at java.desktop/com.sun.media.sound.DirectAudioDevice$DirectDL.implOpen(DirectAudioDevice.java:484)
	at java.desktop/com.sun.media.sound.DirectAudioDevice$DirectClip.implOpen(DirectAudioDevice.java:1241)
	at java.desktop/com.sun.media.sound.AbstractDataLine.open(AbstractDataLine.java:115)
	at java.desktop/com.sun.media.sound.DirectAudioDevice$DirectClip.open(DirectAudioDevice.java:1038)
	at java.desktop/com.sun.media.sound.DirectAudioDevice$DirectClip.open(DirectAudioDevice.java:1134)
	at birdrun.controller.MusicController.loadSound(MusicController.java:39)
	at birdrun.controller.MusicController.loadMusicFiles(MusicController.java:24)
	at birdrun.controller.MusicController.<init>(MusicController.java:19)
	at birdrun.controller.arena.ArenaController.<init>(ArenaController.java:50)
	at jdk.internal.reflect.GeneratedConstructorAccessor26.newInstance(Unknown Source)
	at java.base/jdk.internal.reflect.DelegatingConstructorAccessorImpl.newInstance(DelegatingConstructorAccessorImpl.java:45)
	at java.base/java.lang.reflect.Constructor.newInstanceWithCaller(Constructor.java:499)
	at java.base/java.lang.reflect.Constructor.newInstance(Constructor.java:480)
	at org.codehaus.groovy.reflection.CachedConstructor.invoke(CachedConstructor.java:72)
	at org.codehaus.groovy.runtime.callsite.ConstructorSite$ConstructorSiteNoUnwrapNoCoerce.callConstructor(ConstructorSite.java:105)
	at org.codehaus.groovy.runtime.callsite.AbstractCallSite.callConstructor(AbstractCallSite.java:277)
	at birdrun.controller.Test_ArenaController.setup(Test_ArenaController.groovy:20)
	at jdk.internal.reflect.GeneratedMethodAccessor16.invoke(Unknown Source)
	at java.base/jdk.internal.reflect.DelegatingMethodAccessorImpl.invoke(DelegatingMethodAccessorImpl.java:43)
	at java.base/java.lang.reflect.Method.invoke(Method.java:568)
	at org.spockframework.util.ReflectionUtil.invokeMethod(ReflectionUtil.java:198)
	at org.spockframework.runtime.model.MethodInfo.lambda$new$0(MethodInfo.java:47)
	at org.spockframework.runtime.model.MethodInfo.invoke(MethodInfo.java:148)
	at org.spockframework.runtime.PlatformSpecRunner.invokeRaw(PlatformSpecRunner.java:409)
	at org.spockframework.runtime.PlatformSpecRunner.invoke(PlatformSpecRunner.java:392)
	at org.spockframework.runtime.PlatformSpecRunner.doRunSetup(PlatformSpecRunner.java:315)
	at org.spockframework.runtime.PlatformSpecRunner.lambda$createMethodInfoForDoRunSetup$7(PlatformSpecRunner.java:297)
	at org.spockframework.runtime.model.MethodInfo.invoke(MethodInfo.java:148)
	at org.spockframework.runtime.PlatformSpecRunner.invokeRaw(PlatformSpecRunner.java:409)
	at org.spockframework.runtime.PlatformSpecRunner.invoke(PlatformSpecRunner.java:392)
	at org.spockframework.runtime.PlatformSpecRunner.runSetup(PlatformSpecRunner.java:291)
	at org.spockframework.runtime.PlatformSpecRunner.runSetup(PlatformSpecRunner.java:286)
	at org.spockframework.runtime.IterationNode.before(IterationNode.java:38)
	at org.spockframework.runtime.IterationNode.before(IterationNode.java:11)
	at org.junit.platform.engine.support.hierarchical.NodeTestTask.lambda$executeRecursively$6(NodeTestTask.java:148)
	at org.junit.platform.engine.support.hierarchical.ThrowableCollector.execute(ThrowableCollector.java:73)
	at org.junit.platform.engine.support.hierarchical.NodeTestTask.lambda$executeRecursively$8(NodeTestTask.java:141)
	at org.spockframework.runtime.SpockNode.sneakyInvoke(SpockNode.java:40)
	at org.spockframework.runtime.IterationNode.lambda$around$0(IterationNode.java:63)
	at org.spockframework.runtime.PlatformSpecRunner.lambda$createMethodInfoForDoRunIteration$5(PlatformSpecRunner.java:238)
	at org.spockframework.runtime.model.MethodInfo.invoke(MethodInfo.java:148)
	at org.spockframework.runtime.PlatformSpecRunner.invokeRaw(PlatformSpecRunner.java:409)
	at org.spockframework.runtime.PlatformSpecRunner.invoke(PlatformSpecRunner.java:392)
	at org.spockframework.runtime.PlatformSpecRunner.runIteration(PlatformSpecRunner.java:220)
	at org.spockframework.runtime.IterationNode.around(IterationNode.java:63)
	at org.spockframework.runtime.IterationNode.around(IterationNode.java:11)
	at org.junit.platform.engine.support.hierarchical.NodeTestTask.lambda$executeRecursively$9(NodeTestTask.java:139)
	at org.junit.platform.engine.support.hierarchical.ThrowableCollector.execute(ThrowableCollector.java:73)
	at org.junit.platform.engine.support.hierarchical.NodeTestTask.executeRecursively(NodeTestTask.java:138)
	at org.junit.platform.engine.support.hierarchical.NodeTestTask.execute(NodeTestTask.java:95)
	at org.junit.platform.engine.support.hierarchical.SameThreadHierarchicalTestExecutorService.submit(SameThreadHierarchicalTestExecutorService.java:35)
	at org.junit.platform.engine.support.hierarchical.NodeTestTask$DefaultDynamicTestExecutor.execute(NodeTestTask.java:226)
	at org.junit.platform.engine.support.hierarchical.NodeTestTask$DefaultDynamicTestExecutor.execute(NodeTestTask.java:204)
	at org.spockframework.runtime.ParameterizedFeatureChildExecutor.execute(ParameterizedFeatureChildExecutor.java:53)
	at org.spockframework.runtime.PlatformParameterizedSpecRunner.runIterations(PlatformParameterizedSpecRunner.java:186)
	at org.spockframework.runtime.PlatformParameterizedSpecRunner.runParameterizedFeature(PlatformParameterizedSpecRunner.java:45)
	at org.spockframework.runtime.ParameterizedFeatureNode.execute(ParameterizedFeatureNode.java:40)
	at org.spockframework.runtime.ParameterizedFeatureNode.execute(ParameterizedFeatureNode.java:16)
	at org.junit.platform.engine.support.hierarchical.NodeTestTask.lambda$executeRecursively$6(NodeTestTask.java:151)
	at org.junit.platform.engine.support.hierarchical.ThrowableCollector.execute(ThrowableCollector.java:73)
	at org.junit.platform.engine.support.hierarchical.NodeTestTask.lambda$executeRecursively$8(NodeTestTask.java:141)
	at org.spockframework.runtime.SpockNode.sneakyInvoke(SpockNode.java:40)
	at org.spockframework.runtime.FeatureNode.lambda$around$0(FeatureNode.java:29)
	at org.spockframework.runtime.PlatformSpecRunner.lambda$createMethodInfoForDoRunFeature$4(PlatformSpecRunner.java:201)
	at org.spockframework.runtime.model.MethodInfo.invoke(MethodInfo.java:148)
	at org.spockframework.runtime.PlatformSpecRunner.invokeRaw(PlatformSpecRunner.java:409)
	at org.spockframework.runtime.PlatformSpecRunner.invoke(PlatformSpecRunner.java:392)
	at org.spockframework.runtime.PlatformSpecRunner.runFeature(PlatformSpecRunner.java:194)
	at org.spockframework.runtime.FeatureNode.around(FeatureNode.java:29)
	at org.spockframework.runtime.FeatureNode.around(FeatureNode.java:8)
	at org.junit.platform.engine.support.hierarchical.NodeTestTask.lambda$executeRecursively$9(NodeTestTask.java:139)
	at org.junit.platform.engine.support.hierarchical.ThrowableCollector.execute(ThrowableCollector.java:73)
	at org.junit.platform.engine.support.hierarchical.NodeTestTask.executeRecursively(NodeTestTask.java:138)
	at org.junit.platform.engine.support.hierarchical.NodeTestTask.execute(NodeTestTask.java:95)
	at java.base/java.util.ArrayList.forEach(ArrayList.java:1511)
	at org.junit.platform.engine.support.hierarchical.SameThreadHierarchicalTestExecutorService.invokeAll(SameThreadHierarchicalTestExecutorService.java:41)
	at org.junit.platform.engine.support.hierarchical.NodeTestTask.lambda$executeRecursively$6(NodeTestTask.java:155)
	at org.junit.platform.engine.support.hierarchical.ThrowableCollector.execute(ThrowableCollector.java:73)
	at org.junit.platform.engine.support.hierarchical.NodeTestTask.lambda$executeRecursively$8(NodeTestTask.java:141)
	at org.spockframework.runtime.SpockNode.sneakyInvoke(SpockNode.java:40)
	at org.spockframework.runtime.SpecNode.lambda$around$0(SpecNode.java:63)
	at org.spockframework.runtime.PlatformSpecRunner.lambda$createMethodInfoForDoRunSpec$0(PlatformSpecRunner.java:61)
	at org.spockframework.runtime.model.MethodInfo.invoke(MethodInfo.java:148)
	at org.spockframework.runtime.PlatformSpecRunner.invokeRaw(PlatformSpecRunner.java:409)
	at org.spockframework.runtime.PlatformSpecRunner.invoke(PlatformSpecRunner.java:392)
	at org.spockframework.runtime.PlatformSpecRunner.runSpec(PlatformSpecRunner.java:55)
	at org.spockframework.runtime.SpecNode.around(SpecNode.java:63)
	at org.spockframework.runtime.SpecNode.around(SpecNode.java:11)
	at org.junit.platform.engine.support.hierarchical.NodeTestTask.lambda$executeRecursively$9(NodeTestTask.java:139)
	at org.junit.platform.engine.support.hierarchical.ThrowableCollector.execute(ThrowableCollector.java:73)
	at org.junit.platform.engine.support.hierarchical.NodeTestTask.executeRecursively(NodeTestTask.java:138)
	at org.junit.platform.engine.support.hierarchical.NodeTestTask.execute(NodeTestTask.java:95)
	at java.base/java.util.ArrayList.forEach(ArrayList.java:1511)
	at org.junit.platform.engine.support.hierarchical.SameThreadHierarchicalTestExecutorService.invokeAll(SameThreadHierarchicalTestExecutorService.java:41)
	at org.junit.platform.engine.support.hierarchical.NodeTestTask.lambda$executeRecursively$6(NodeTestTask.java:155)
	at org.junit.platform.engine.support.hierarchical.ThrowableCollector.execute(ThrowableCollector.java:73)
	at org.junit.platform.engine.support.hierarchical.NodeTestTask.lambda$executeRecursively$8(NodeTestTask.java:141)
	at org.junit.platform.engine.support.hierarchical.Node.around(Node.java:137)
	at org.junit.platform.engine.support.hierarchical.NodeTestTask.lambda$executeRecursively$9(NodeTestTask.java:139)
	at org.junit.platform.engine.support.hierarchical.ThrowableCollector.execute(ThrowableCollector.java:73)
	at org.junit.platform.engine.support.hierarchical.NodeTestTask.executeRecursively(NodeTestTask.java:138)
	at org.junit.platform.engine.support.hierarchical.NodeTestTask.execute(NodeTestTask.java:95)
	at org.junit.platform.engine.support.hierarchical.SameThreadHierarchicalTestExecutorService.submit(SameThreadHierarchicalTestExecutorService.java:35)
	at org.junit.platform.engine.support.hierarchical.HierarchicalTestExecutor.execute(HierarchicalTestExecutor.java:57)
	at org.junit.platform.engine.support.hierarchical.HierarchicalTestEngine.execute(HierarchicalTestEngine.java:54)
	at org.junit.platform.launcher.core.EngineExecutionOrchestrator.execute(EngineExecutionOrchestrator.java:107)
	at org.junit.platform.launcher.core.EngineExecutionOrchestrator.execute(EngineExecutionOrchestrator.java:88)
	at org.junit.platform.launcher.core.EngineExecutionOrchestrator.lambda$execute$0(EngineExecutionOrchestrator.java:54)
	at org.junit.platform.launcher.core.EngineExecutionOrchestrator.withInterceptedStreams(EngineExecutionOrchestrator.java:67)
	at org.junit.platform.launcher.core.EngineExecutionOrchestrator.execute(EngineExecutionOrchestrator.java:52)
	at org.junit.platform.launcher.core.DefaultLauncher.execute(DefaultLauncher.java:114)
	at org.junit.platform.launcher.core.DefaultLauncher.execute(DefaultLauncher.java:86)
	at org.junit.platform.launcher.core.DefaultLauncherSession$DelegatingLauncher.execute(DefaultLauncherSession.java:86)
	at org.junit.platform.launcher.core.SessionPerRequestLauncher.execute(SessionPerRequestLauncher.java:53)
	at org.gradle.api.internal.tasks.testing.junitplatform.JUnitPlatformTestClassProcessor$CollectAllTestClassesExecutor.processAllTestClasses(JUnitPlatformTestClassProcessor.java:99)
	at org.gradle.api.internal.tasks.testing.junitplatform.JUnitPlatformTestClassProcessor$CollectAllTestClassesExecutor.access$000(JUnitPlatformTestClassProcessor.java:79)
	at org.gradle.api.internal.tasks.testing.junitplatform.JUnitPlatformTestClassProcessor.stop(JUnitPlatformTestClassProcessor.java:75)
	at org.gradle.api.internal.tasks.testing.SuiteTestClassProcessor.stop(SuiteTestClassProcessor.java:61)
	at java.base/jdk.internal.reflect.NativeMethodAccessorImpl.invoke0(Native Method)
	at java.base/jdk.internal.reflect.NativeMethodAccessorImpl.invoke(NativeMethodAccessorImpl.java:77)
	at java.base/jdk.internal.reflect.DelegatingMethodAccessorImpl.invoke(DelegatingMethodAccessorImpl.java:43)
	at java.base/java.lang.reflect.Method.invoke(Method.java:568)
	at org.gradle.internal.dispatch.ReflectionDispatch.dispatch(ReflectionDispatch.java:36)
	at org.gradle.internal.dispatch.ReflectionDispatch.dispatch(ReflectionDispatch.java:24)
	at org.gradle.internal.dispatch.ContextClassLoaderDispatch.dispatch(ContextClassLoaderDispatch.java:33)
	at org.gradle.internal.dispatch.ProxyDispatchAdapter$DispatchingInvocationHandler.invoke(ProxyDispatchAdapter.java:94)
	at jdk.proxy1/jdk.proxy1.$Proxy2.stop(Unknown Source)
	at org.gradle.api.internal.tasks.testing.worker.TestWorker$3.run(TestWorker.java:193)
	at org.gradle.api.internal.tasks.testing.worker.TestWorker.executeAndMaintainThreadName(TestWorker.java:129)
	at org.gradle.api.internal.tasks.testing.worker.TestWorker.execute(TestWorker.java:100)
	at org.gradle.api.internal.tasks.testing.worker.TestWorker.execute(TestWorker.java:60)
	at org.gradle.process.internal.worker.child.ActionExecutionWorker.execute(ActionExecutionWorker.java:56)
	at org.gradle.process.internal.worker.child.SystemApplicationClassLoaderWorker.call(SystemApplicationClassLoaderWorker.java:133)
	at org.gradle.process.internal.worker.child.SystemApplicationClassLoaderWorker.call(SystemApplicationClassLoaderWorker.java:71)
	at worker.org.gradle.process.internal.worker.GradleWorkerMain.run(GradleWorkerMain.java:69)
	at worker.org.gradle.process.internal.worker.GradleWorkerMain.main(GradleWorkerMain.java:74)
javax.sound.sampled.LineUnavailableException: line with format PCM_SIGNED 48000.0 Hz, 16 bit, stereo, 4 bytes/frame, little-endian not supported.
	at java.desktop/com.sun.media.sound.DirectAudioDevice$DirectDL.implOpen(DirectAudioDevice.java:484)
	at java.desktop/com.sun.media.sound.DirectAudioDevice$DirectClip.implOpen(DirectAudioDevice.java:1241)
	at java.desktop/com.sun.media.sound.AbstractDataLine.open(AbstractDataLine.java:115)
	at java.desktop/com.sun.media.sound.DirectAudioDevice$DirectClip.open(DirectAudioDevice.java:1038)
	at java.desktop/com.sun.media.sound.DirectAudioDevice$DirectClip.open(DirectAudioDevice.java:1134)
	at birdrun.controller.MusicController.loadSound(MusicController.java:39)
	at birdrun.controller.MusicController.loadMusicFiles(MusicController.java:25)
	at birdrun.controller.MusicController.<init>(MusicController.java:19)
	at birdrun.controller.arena.ArenaController.<init>(ArenaController.java:50)
	at jdk.internal.reflect.GeneratedConstructorAccessor26.newInstance(Unknown Source)
	at java.base/jdk.internal.reflect.DelegatingConstructorAccessorImpl.newInstance(DelegatingConstructorAccessorImpl.java:45)
	at java.base/java.lang.reflect.Constructor.newInstanceWithCaller(Constructor.java:499)
	at java.base/java.lang.reflect.Constructor.newInstance(Constructor.java:480)
	at org.codehaus.groovy.reflection.CachedConstructor.invoke(CachedConstructor.java:72)
	at org.codehaus.groovy.runtime.callsite.ConstructorSite$ConstructorSiteNoUnwrapNoCoerce.callConstructor(ConstructorSite.java:105)
	at org.codehaus.groovy.runtime.callsite.AbstractCallSite.callConstructor(AbstractCallSite.java:277)
	at birdrun.controller.Test_ArenaController.setup(Test_ArenaController.groovy:20)
	at jdk.internal.reflect.GeneratedMethodAccessor16.invoke(Unknown Source)
	at java.base/jdk.internal.reflect.DelegatingMethodAccessorImpl.invoke(DelegatingMethodAccessorImpl.java:43)
	at java.base/java.lang.reflect.Method.invoke(Method.java:568)
	at org.spockframework.util.ReflectionUtil.invokeMethod(ReflectionUtil.java:198)
	at org.spockframework.runtime.model.MethodInfo.lambda$new$0(MethodInfo.java:47)
	at org.spockframework.runtime.model.MethodInfo.invoke(MethodInfo.java:148)
	at org.spockframework.runtime.PlatformSpecRunner.invokeRaw(PlatformSpecRunner.java:409)
	at org.spockframework.runtime.PlatformSpecRunner.invoke(PlatformSpecRunner.java:392)
	at org.spockframework.runtime.PlatformSpecRunner.doRunSetup(PlatformSpecRunner.java:315)
	at org.spockframework.runtime.PlatformSpecRunner.lambda$createMethodInfoForDoRunSetup$7(PlatformSpecRunner.java:297)
	at org.spockframework.runtime.model.MethodInfo.invoke(MethodInfo.java:148)
	at org.spockframework.runtime.PlatformSpecRunner.invokeRaw(PlatformSpecRunner.java:409)
	at org.spockframework.runtime.PlatformSpecRunner.invoke(PlatformSpecRunner.java:392)
	at org.spockframework.runtime.PlatformSpecRunner.runSetup(PlatformSpecRunner.java:291)
	at org.spockframework.runtime.PlatformSpecRunner.runSetup(PlatformSpecRunner.java:286)
	at org.spockframework.runtime.IterationNode.before(IterationNode.java:38)
	at org.spockframework.runtime.IterationNode.before(IterationNode.java:11)
	at org.junit.platform.engine.support.hierarchical.NodeTestTask.lambda$executeRecursively$6(NodeTestTask.java:148)
	at org.junit.platform.engine.support.hierarchical.ThrowableCollector.execute(ThrowableCollector.java:73)
	at org.junit.platform.engine.support.hierarchical.NodeTestTask.lambda$executeRecursively$8(NodeTestTask.java:141)
	at org.spockframework.runtime.SpockNode.sneakyInvoke(SpockNode.java:40)
	at org.spockframework.runtime.IterationNode.lambda$around$0(IterationNode.java:63)
	at org.spockframework.runtime.PlatformSpecRunner.lambda$createMethodInfoForDoRunIteration$5(PlatformSpecRunner.java:238)
	at org.spockframework.runtime.model.MethodInfo.invoke(MethodInfo.java:148)
	at org.spockframework.runtime.PlatformSpecRunner.invokeRaw(PlatformSpecRunner.java:409)
	at org.spockframework.runtime.PlatformSpecRunner.invoke(PlatformSpecRunner.java:392)
	at org.spockframework.runtime.PlatformSpecRunner.runIteration(PlatformSpecRunner.java:220)
	at org.spockframework.runtime.IterationNode.around(IterationNode.java:63)
	at org.spockframework.runtime.IterationNode.around(IterationNode.java:11)
	at org.junit.platform.engine.support.hierarchical.NodeTestTask.lambda$executeRecursively$9(NodeTestTask.java:139)
	at org.junit.platform.engine.support.hierarchical.ThrowableCollector.execute(ThrowableCollector.java:73)
	at org.junit.platform.engine.support.hierarchical.NodeTestTask.executeRecursively(NodeTestTask.java:138)
	at org.junit.platform.engine.support.hierarchical.NodeTestTask.execute(NodeTestTask.java:95)
	at org.junit.platform.engine.support.hierarchical.SameThreadHierarchicalTestExecutorService.submit(SameThreadHierarchicalTestExecutorService.java:35)
	at org.junit.platform.engine.support.hierarchical.NodeTestTask$DefaultDynamicTestExecutor.execute(NodeTestTask.java:226)
	at org.junit.platform.engine.support.hierarchical.NodeTestTask$DefaultDynamicTestExecutor.execute(NodeTestTask.java:204)
	at org.spockframework.runtime.ParameterizedFeatureChildExecutor.execute(ParameterizedFeatureChildExecutor.java:53)
	at org.spockframework.runtime.PlatformParameterizedSpecRunner.runIterations(PlatformParameterizedSpecRunner.java:186)
	at org.spockframework.runtime.PlatformParameterizedSpecRunner.runParameterizedFeature(PlatformParameterizedSpecRunner.java:45)
	at org.spockframework.runtime.ParameterizedFeatureNode.execute(ParameterizedFeatureNode.java:40)
	at org.spockframework.runtime.ParameterizedFeatureNode.execute(ParameterizedFeatureNode.java:16)
	at org.junit.platform.engine.support.hierarchical.NodeTestTask.lambda$executeRecursively$6(NodeTestTask.java:151)
	at org.junit.platform.engine.support.hierarchical.ThrowableCollector.execute(ThrowableCollector.java:73)
	at org.junit.platform.engine.support.hierarchical.NodeTestTask.lambda$executeRecursively$8(NodeTestTask.java:141)
	at org.spockframework.runtime.SpockNode.sneakyInvoke(SpockNode.java:40)
	at org.spockframework.runtime.FeatureNode.lambda$around$0(FeatureNode.java:29)
	at org.spockframework.runtime.PlatformSpecRunner.lambda$createMethodInfoForDoRunFeature$4(PlatformSpecRunner.java:201)
	at org.spockframework.runtime.model.MethodInfo.invoke(MethodInfo.java:148)
	at org.spockframework.runtime.PlatformSpecRunner.invokeRaw(PlatformSpecRunner.java:409)
	at org.spockframework.runtime.PlatformSpecRunner.invoke(PlatformSpecRunner.java:392)
	at org.spockframework.runtime.PlatformSpecRunner.runFeature(PlatformSpecRunner.java:194)
	at org.spockframework.runtime.FeatureNode.around(FeatureNode.java:29)
	at org.spockframework.runtime.FeatureNode.around(FeatureNode.java:8)
	at org.junit.platform.engine.support.hierarchical.NodeTestTask.lambda$executeRecursively$9(NodeTestTask.java:139)
	at org.junit.platform.engine.support.hierarchical.ThrowableCollector.execute(ThrowableCollector.java:73)
	at org.junit.platform.engine.support.hierarchical.NodeTestTask.executeRecursively(NodeTestTask.java:138)
	at org.junit.platform.engine.support.hierarchical.NodeTestTask.execute(NodeTestTask.java:95)
	at java.base/java.util.ArrayList.forEach(ArrayList.java:1511)
	at org.junit.platform.engine.support.hierarchical.SameThreadHierarchicalTestExecutorService.invokeAll(SameThreadHierarchicalTestExecutorService.java:41)
	at org.junit.platform.engine.support.hierarchical.NodeTestTask.lambda$executeRecursively$6(NodeTestTask.java:155)
	at org.junit.platform.engine.support.hierarchical.ThrowableCollector.execute(ThrowableCollector.java:73)
	at org.junit.platform.engine.support.hierarchical.NodeTestTask.lambda$executeRecursively$8(NodeTestTask.java:141)
	at org.spockframework.runtime.SpockNode.sneakyInvoke(SpockNode.java:40)
	at org.spockframework.runtime.SpecNode.lambda$around$0(SpecNode.java:63)
	at org.spockframework.runtime.PlatformSpecRunner.lambda$createMethodInfoForDoRunSpec$0(PlatformSpecRunner.java:61)
	at org.spockframework.runtime.model.MethodInfo.invoke(MethodInfo.java:148)
	at org.spockframework.runtime.PlatformSpecRunner.invokeRaw(PlatformSpecRunner.java:409)
	at org.spockframework.runtime.PlatformSpecRunner.invoke(PlatformSpecRunner.java:392)
	at org.spockframework.runtime.PlatformSpecRunner.runSpec(PlatformSpecRunner.java:55)
	at org.spockframework.runtime.SpecNode.around(SpecNode.java:63)
	at org.spockframework.runtime.SpecNode.around(SpecNode.java:11)
	at org.junit.platform.engine.support.hierarchical.NodeTestTask.lambda$executeRecursively$9(NodeTestTask.java:139)
	at org.junit.platform.engine.support.hierarchical.ThrowableCollector.execute(ThrowableCollector.java:73)
	at org.junit.platform.engine.support.hierarchical.NodeTestTask.executeRecursively(NodeTestTask.java:138)
	at org.junit.platform.engine.support.hierarchical.NodeTestTask.execute(NodeTestTask.java:95)
	at java.base/java.util.ArrayList.forEach(ArrayList.java:1511)
	at org.junit.platform.engine.support.hierarchical.SameThreadHierarchicalTestExecutorService.invokeAll(SameThreadHierarchicalTestExecutorService.java:41)
	at org.junit.platform.engine.support.hierarchical.NodeTestTask.lambda$executeRecursively$6(NodeTestTask.java:155)
	at org.junit.platform.engine.support.hierarchical.ThrowableCollector.execute(ThrowableCollector.java:73)
	at org.junit.platform.engine.support.hierarchical.NodeTestTask.lambda$executeRecursively$8(NodeTestTask.java:141)
	at org.junit.platform.engine.support.hierarchical.Node.around(Node.java:137)
	at org.junit.platform.engine.support.hierarchical.NodeTestTask.lambda$executeRecursively$9(NodeTestTask.java:139)
	at org.junit.platform.engine.support.hierarchical.ThrowableCollector.execute(ThrowableCollector.java:73)
	at org.junit.platform.engine.support.hierarchical.NodeTestTask.executeRecursively(NodeTestTask.java:138)
	at org.junit.platform.engine.support.hierarchical.NodeTestTask.execute(NodeTestTask.java:95)
	at org.junit.platform.engine.support.hierarchical.SameThreadHierarchicalTestExecutorService.submit(SameThreadHierarchicalTestExecutorService.java:35)
	at org.junit.platform.engine.support.hierarchical.HierarchicalTestExecutor.execute(HierarchicalTestExecutor.java:57)
	at org.junit.platform.engine.support.hierarchical.HierarchicalTestEngine.execute(HierarchicalTestEngine.java:54)
	at org.junit.platform.launcher.core.EngineExecutionOrchestrator.execute(EngineExecutionOrchestrator.java:107)
	at org.junit.platform.launcher.core.EngineExecutionOrchestrator.execute(EngineExecutionOrchestrator.java:88)
	at org.junit.platform.launcher.core.EngineExecutionOrchestrator.lambda$execute$0(EngineExecutionOrchestrator.java:54)
	at org.junit.platform.launcher.core.EngineExecutionOrchestrator.withInterceptedStreams(EngineExecutionOrchestrator.java:67)
	at org.junit.platform.launcher.core.EngineExecutionOrchestrator.execute(EngineExecutionOrchestrator.java:52)
	at org.junit.platform.launcher.core.DefaultLauncher.execute(DefaultLauncher.java:114)
	at org.junit.platform.launcher.core.DefaultLauncher.execute(DefaultLauncher.java:86)
	at org.junit.platform.launcher.core.DefaultLauncherSession$DelegatingLauncher.execute(DefaultLauncherSession.java:86)
	at org.junit.platform.launcher.core.SessionPerRequestLauncher.execute(SessionPerRequestLauncher.java:53)
	at org.gradle.api.internal.tasks.testing.junitplatform.JUnitPlatformTestClassProcessor$CollectAllTestClassesExecutor.processAllTestClasses(JUnitPlatformTestClassProcessor.java:99)
	at org.gradle.api.internal.tasks.testing.junitplatform.JUnitPlatformTestClassProcessor$CollectAllTestClassesExecutor.access$000(JUnitPlatformTestClassProcessor.java:79)
	at org.gradle.api.internal.tasks.testing.junitplatform.JUnitPlatformTestClassProcessor.stop(JUnitPlatformTestClassProcessor.java:75)
	at org.gradle.api.internal.tasks.testing.SuiteTestClassProcessor.stop(SuiteTestClassProcessor.java:61)
	at java.base/jdk.internal.reflect.NativeMethodAccessorImpl.invoke0(Native Method)
	at java.base/jdk.internal.reflect.NativeMethodAccessorImpl.invoke(NativeMethodAccessorImpl.java:77)
	at java.base/jdk.internal.reflect.DelegatingMethodAccessorImpl.invoke(DelegatingMethodAccessorImpl.java:43)
	at java.base/java.lang.reflect.Method.invoke(Method.java:568)
	at org.gradle.internal.dispatch.ReflectionDispatch.dispatch(ReflectionDispatch.java:36)
	at org.gradle.internal.dispatch.ReflectionDispatch.dispatch(ReflectionDispatch.java:24)
	at org.gradle.internal.dispatch.ContextClassLoaderDispatch.dispatch(ContextClassLoaderDispatch.java:33)
	at org.gradle.internal.dispatch.ProxyDispatchAdapter$DispatchingInvocationHandler.invoke(ProxyDispatchAdapter.java:94)
	at jdk.proxy1/jdk.proxy1.$Proxy2.stop(Unknown Source)
	at org.gradle.api.internal.tasks.testing.worker.TestWorker$3.run(TestWorker.java:193)
	at org.gradle.api.internal.tasks.testing.worker.TestWorker.executeAndMaintainThreadName(TestWorker.java:129)
	at org.gradle.api.internal.tasks.testing.worker.TestWorker.execute(TestWorker.java:100)
	at org.gradle.api.internal.tasks.testing.worker.TestWorker.execute(TestWorker.java:60)
	at org.gradle.process.internal.worker.child.ActionExecutionWorker.execute(ActionExecutionWorker.java:56)
	at org.gradle.process.internal.worker.child.SystemApplicationClassLoaderWorker.call(SystemApplicationClassLoaderWorker.java:133)
	at org.gradle.process.internal.worker.child.SystemApplicationClassLoaderWorker.call(SystemApplicationClassLoaderWorker.java:71)
	at worker.org.gradle.process.internal.worker.GradleWorkerMain.run(GradleWorkerMain.java:69)
	at worker.org.gradle.process.internal.worker.GradleWorkerMain.main(GradleWorkerMain.java:74)
javax.sound.sampled.LineUnavailableException: line with format PCM_SIGNED 48000.0 Hz, 16 bit, stereo, 4 bytes/frame, little-endian not supported.
	at java.desktop/com.sun.media.sound.DirectAudioDevice$DirectDL.implOpen(DirectAudioDevice.java:484)
	at java.desktop/com.sun.media.sound.DirectAudioDevice$DirectClip.implOpen(DirectAudioDevice.java:1241)
	at java.desktop/com.sun.media.sound.AbstractDataLine.open(AbstractDataLine.java:115)
	at java.desktop/com.sun.media.sound.DirectAudioDevice$DirectClip.open(DirectAudioDevice.java:1038)
	at java.desktop/com.sun.media.sound.DirectAudioDevice$DirectClip.open(DirectAudioDevice.java:1134)
	at birdrun.controller.MusicController.loadSound(MusicController.java:39)
	at birdrun.controller.MusicController.loadMusicFiles(MusicController.java:26)
	at birdrun.controller.MusicController.<init>(MusicController.java:19)
	at birdrun.controller.arena.ArenaController.<init>(ArenaController.java:50)
	at jdk.internal.reflect.GeneratedConstructorAccessor26.newInstance(Unknown Source)
	at java.base/jdk.internal.reflect.DelegatingConstructorAccessorImpl.newInstance(DelegatingConstructorAccessorImpl.java:45)
	at java.base/java.lang.reflect.Constructor.newInstanceWithCaller(Constructor.java:499)
	at java.base/java.lang.reflect.Constructor.newInstance(Constructor.java:480)
	at org.codehaus.groovy.reflection.CachedConstructor.invoke(CachedConstructor.java:72)
	at org.codehaus.groovy.runtime.callsite.ConstructorSite$ConstructorSiteNoUnwrapNoCoerce.callConstructor(ConstructorSite.java:105)
	at org.codehaus.groovy.runtime.callsite.AbstractCallSite.callConstructor(AbstractCallSite.java:277)
	at birdrun.controller.Test_ArenaController.setup(Test_ArenaController.groovy:20)
	at jdk.internal.reflect.GeneratedMethodAccessor16.invoke(Unknown Source)
	at java.base/jdk.internal.reflect.DelegatingMethodAccessorImpl.invoke(DelegatingMethodAccessorImpl.java:43)
	at java.base/java.lang.reflect.Method.invoke(Method.java:568)
	at org.spockframework.util.ReflectionUtil.invokeMethod(ReflectionUtil.java:198)
	at org.spockframework.runtime.model.MethodInfo.lambda$new$0(MethodInfo.java:47)
	at org.spockframework.runtime.model.MethodInfo.invoke(MethodInfo.java:148)
	at org.spockframework.runtime.PlatformSpecRunner.invokeRaw(PlatformSpecRunner.java:409)
	at org.spockframework.runtime.PlatformSpecRunner.invoke(PlatformSpecRunner.java:392)
	at org.spockframework.runtime.PlatformSpecRunner.doRunSetup(PlatformSpecRunner.java:315)
	at org.spockframework.runtime.PlatformSpecRunner.lambda$createMethodInfoForDoRunSetup$7(PlatformSpecRunner.java:297)
	at org.spockframework.runtime.model.MethodInfo.invoke(MethodInfo.java:148)
	at org.spockframework.runtime.PlatformSpecRunner.invokeRaw(PlatformSpecRunner.java:409)
	at org.spockframework.runtime.PlatformSpecRunner.invoke(PlatformSpecRunner.java:392)
	at org.spockframework.runtime.PlatformSpecRunner.runSetup(PlatformSpecRunner.java:291)
	at org.spockframework.runtime.PlatformSpecRunner.runSetup(PlatformSpecRunner.java:286)
	at org.spockframework.runtime.IterationNode.before(IterationNode.java:38)
	at org.spockframework.runtime.IterationNode.before(IterationNode.java:11)
	at org.junit.platform.engine.support.hierarchical.NodeTestTask.lambda$executeRecursively$6(NodeTestTask.java:148)
	at org.junit.platform.engine.support.hierarchical.ThrowableCollector.execute(ThrowableCollector.java:73)
	at org.junit.platform.engine.support.hierarchical.NodeTestTask.lambda$executeRecursively$8(NodeTestTask.java:141)
	at org.spockframework.runtime.SpockNode.sneakyInvoke(SpockNode.java:40)
	at org.spockframework.runtime.IterationNode.lambda$around$0(IterationNode.java:63)
	at org.spockframework.runtime.PlatformSpecRunner.lambda$createMethodInfoForDoRunIteration$5(PlatformSpecRunner.java:238)
	at org.spockframework.runtime.model.MethodInfo.invoke(MethodInfo.java:148)
	at org.spockframework.runtime.PlatformSpecRunner.invokeRaw(PlatformSpecRunner.java:409)
	at org.spockframework.runtime.PlatformSpecRunner.invoke(PlatformSpecRunner.java:392)
	at org.spockframework.runtime.PlatformSpecRunner.runIteration(PlatformSpecRunner.java:220)
	at org.spockframework.runtime.IterationNode.around(IterationNode.java:63)
	at org.spockframework.runtime.IterationNode.around(IterationNode.java:11)
	at org.junit.platform.engine.support.hierarchical.NodeTestTask.lambda$executeRecursively$9(NodeTestTask.java:139)
	at org.junit.platform.engine.support.hierarchical.ThrowableCollector.execute(ThrowableCollector.java:73)
	at org.junit.platform.engine.support.hierarchical.NodeTestTask.executeRecursively(NodeTestTask.java:138)
	at org.junit.platform.engine.support.hierarchical.NodeTestTask.execute(NodeTestTask.java:95)
	at org.junit.platform.engine.support.hierarchical.SameThreadHierarchicalTestExecutorService.submit(SameThreadHierarchicalTestExecutorService.java:35)
	at org.junit.platform.engine.support.hierarchical.NodeTestTask$DefaultDynamicTestExecutor.execute(NodeTestTask.java:226)
	at org.junit.platform.engine.support.hierarchical.NodeTestTask$DefaultDynamicTestExecutor.execute(NodeTestTask.java:204)
	at org.spockframework.runtime.ParameterizedFeatureChildExecutor.execute(ParameterizedFeatureChildExecutor.java:53)
	at org.spockframework.runtime.PlatformParameterizedSpecRunner.runIterations(PlatformParameterizedSpecRunner.java:186)
	at org.spockframework.runtime.PlatformParameterizedSpecRunner.runParameterizedFeature(PlatformParameterizedSpecRunner.java:45)
	at org.spockframework.runtime.ParameterizedFeatureNode.execute(ParameterizedFeatureNode.java:40)
	at org.spockframework.runtime.ParameterizedFeatureNode.execute(ParameterizedFeatureNode.java:16)
	at org.junit.platform.engine.support.hierarchical.NodeTestTask.lambda$executeRecursively$6(NodeTestTask.java:151)
	at org.junit.platform.engine.support.hierarchical.ThrowableCollector.execute(ThrowableCollector.java:73)
	at org.junit.platform.engine.support.hierarchical.NodeTestTask.lambda$executeRecursively$8(NodeTestTask.java:141)
	at org.spockframework.runtime.SpockNode.sneakyInvoke(SpockNode.java:40)
	at org.spockframework.runtime.FeatureNode.lambda$around$0(FeatureNode.java:29)
	at org.spockframework.runtime.PlatformSpecRunner.lambda$createMethodInfoForDoRunFeature$4(PlatformSpecRunner.java:201)
	at org.spockframework.runtime.model.MethodInfo.invoke(MethodInfo.java:148)
	at org.spockframework.runtime.PlatformSpecRunner.invokeRaw(PlatformSpecRunner.java:409)
	at org.spockframework.runtime.PlatformSpecRunner.invoke(PlatformSpecRunner.java:392)
	at org.spockframework.runtime.PlatformSpecRunner.runFeature(PlatformSpecRunner.java:194)
	at org.spockframework.runtime.FeatureNode.around(FeatureNode.java:29)
	at org.spockframework.runtime.FeatureNode.around(FeatureNode.java:8)
	at org.junit.platform.engine.support.hierarchical.NodeTestTask.lambda$executeRecursively$9(NodeTestTask.java:139)
	at org.junit.platform.engine.support.hierarchical.ThrowableCollector.execute(ThrowableCollector.java:73)
	at org.junit.platform.engine.support.hierarchical.NodeTestTask.executeRecursively(NodeTestTask.java:138)
	at org.junit.platform.engine.support.hierarchical.NodeTestTask.execute(NodeTestTask.java:95)
	at java.base/java.util.ArrayList.forEach(ArrayList.java:1511)
	at org.junit.platform.engine.support.hierarchical.SameThreadHierarchicalTestExecutorService.invokeAll(SameThreadHierarchicalTestExecutorService.java:41)
	at org.junit.platform.engine.support.hierarchical.NodeTestTask.lambda$executeRecursively$6(NodeTestTask.java:155)
	at org.junit.platform.engine.support.hierarchical.ThrowableCollector.execute(ThrowableCollector.java:73)
	at org.junit.platform.engine.support.hierarchical.NodeTestTask.lambda$executeRecursively$8(NodeTestTask.java:141)
	at org.spockframework.runtime.SpockNode.sneakyInvoke(SpockNode.java:40)
	at org.spockframework.runtime.SpecNode.lambda$around$0(SpecNode.java:63)
	at org.spockframework.runtime.PlatformSpecRunner.lambda$createMethodInfoForDoRunSpec$0(PlatformSpecRunner.java:61)
	at org.spockframework.runtime.model.MethodInfo.invoke(MethodInfo.java:148)
	at org.spockframework.runtime.PlatformSpecRunner.invokeRaw(PlatformSpecRunner.java:409)
	at org.spockframework.runtime.PlatformSpecRunner.invoke(PlatformSpecRunner.java:392)
	at org.spockframework.runtime.PlatformSpecRunner.runSpec(PlatformSpecRunner.java:55)
	at org.spockframework.runtime.SpecNode.around(SpecNode.java:63)
	at org.spockframework.runtime.SpecNode.around(SpecNode.java:11)
	at org.junit.platform.engine.support.hierarchical.NodeTestTask.lambda$executeRecursively$9(NodeTestTask.java:139)
	at org.junit.platform.engine.support.hierarchical.ThrowableCollector.execute(ThrowableCollector.java:73)
	at org.junit.platform.engine.support.hierarchical.NodeTestTask.executeRecursively(NodeTestTask.java:138)
	at org.junit.platform.engine.support.hierarchical.NodeTestTask.execute(NodeTestTask.java:95)
	at java.base/java.util.ArrayList.forEach(ArrayList.java:1511)
	at org.junit.platform.engine.support.hierarchical.SameThreadHierarchicalTestExecutorService.invokeAll(SameThreadHierarchicalTestExecutorService.java:41)
	at org.junit.platform.engine.support.hierarchical.NodeTestTask.lambda$executeRecursively$6(NodeTestTask.java:155)
	at org.junit.platform.engine.support.hierarchical.ThrowableCollector.execute(ThrowableCollector.java:73)
	at org.junit.platform.engine.support.hierarchical.NodeTestTask.lambda$executeRecursively$8(NodeTestTask.java:141)
	at org.junit.platform.engine.support.hierarchical.Node.around(Node.java:137)
	at org.junit.platform.engine.support.hierarchical.NodeTestTask.lambda$executeRecursively$9(NodeTestTask.java:139)
	at org.junit.platform.engine.support.hierarchical.ThrowableCollector.execute(ThrowableCollector.java:73)
	at org.junit.platform.engine.support.hierarchical.NodeTestTask.executeRecursively(NodeTestTask.java:138)
	at org.junit.platform.engine.support.hierarchical.NodeTestTask.execute(NodeTestTask.java:95)
	at org.junit.platform.engine.support.hierarchical.SameThreadHierarchicalTestExecutorService.submit(SameThreadHierarchicalTestExecutorService.java:35)
	at org.junit.platform.engine.support.hierarchical.HierarchicalTestExecutor.execute(HierarchicalTestExecutor.java:57)
	at org.junit.platform.engine.support.hierarchical.HierarchicalTestEngine.execute(HierarchicalTestEngine.java:54)
	at org.junit.platform.launcher.core.EngineExecutionOrchestrator.execute(EngineExecutionOrchestrator.java:107)
	at org.junit.platform.launcher.core.EngineExecutionOrchestrator.execute(EngineExecutionOrchestrator.java:88)
	at org.junit.platform.launcher.core.EngineExecutionOrchestrator.lambda$execute$0(EngineExecutionOrchestrator.java:54)
	at org.junit.platform.launcher.core.EngineExecutionOrchestrator.withInterceptedStreams(EngineExecutionOrchestrator.java:67)
	at org.junit.platform.launcher.core.EngineExecutionOrchestrator.execute(EngineExecutionOrchestrator.java:52)
	at org.junit.platform.launcher.core.DefaultLauncher.execute(DefaultLauncher.java:114)
	at org.junit.platform.launcher.core.DefaultLauncher.execute(DefaultLauncher.java:86)
	at org.junit.platform.launcher.core.DefaultLauncherSession$DelegatingLauncher.execute(DefaultLauncherSession.java:86)
	at org.junit.platform.launcher.core.SessionPerRequestLauncher.execute(SessionPerRequestLauncher.java:53)
	at org.gradle.api.internal.tasks.testing.junitplatform.JUnitPlatformTestClassProcessor$CollectAllTestClassesExecutor.processAllTestClasses(JUnitPlatformTestClassProcessor.java:99)
	at org.gradle.api.internal.tasks.testing.junitplatform.JUnitPlatformTestClassProcessor$CollectAllTestClassesExecutor.access$000(JUnitPlatformTestClassProcessor.java:79)
	at org.gradle.api.internal.tasks.testing.junitplatform.JUnitPlatformTestClassProcessor.stop(JUnitPlatformTestClassProcessor.java:75)
	at org.gradle.api.internal.tasks.testing.SuiteTestClassProcessor.stop(SuiteTestClassProcessor.java:61)
	at java.base/jdk.internal.reflect.NativeMethodAccessorImpl.invoke0(Native Method)
	at java.base/jdk.internal.reflect.NativeMethodAccessorImpl.invoke(NativeMethodAccessorImpl.java:77)
	at java.base/jdk.internal.reflect.DelegatingMethodAccessorImpl.invoke(DelegatingMethodAccessorImpl.java:43)
	at java.base/java.lang.reflect.Method.invoke(Method.java:568)
	at org.gradle.internal.dispatch.ReflectionDispatch.dispatch(ReflectionDispatch.java:36)
	at org.gradle.internal.dispatch.ReflectionDispatch.dispatch(ReflectionDispatch.java:24)
	at org.gradle.internal.dispatch.ContextClassLoaderDispatch.dispatch(ContextClassLoaderDispatch.java:33)
	at org.gradle.internal.dispatch.ProxyDispatchAdapter$DispatchingInvocationHandler.invoke(ProxyDispatchAdapter.java:94)
	at jdk.proxy1/jdk.proxy1.$Proxy2.stop(Unknown Source)
	at org.gradle.api.internal.tasks.testing.worker.TestWorker$3.run(TestWorker.java:193)
	at org.gradle.api.internal.tasks.testing.worker.TestWorker.executeAndMaintainThreadName(TestWorker.java:129)
	at org.gradle.api.internal.tasks.testing.worker.TestWorker.execute(TestWorker.java:100)
	at org.gradle.api.internal.tasks.testing.worker.TestWorker.execute(TestWorker.java:60)
	at org.gradle.process.internal.worker.child.ActionExecutionWorker.execute(ActionExecutionWorker.java:56)
	at org.gradle.process.internal.worker.child.SystemApplicationClassLoaderWorker.call(SystemApplicationClassLoaderWorker.java:133)
	at org.gradle.process.internal.worker.child.SystemApplicationClassLoaderWorker.call(SystemApplicationClassLoaderWorker.java:71)
	at worker.org.gradle.process.internal.worker.GradleWorkerMain.run(GradleWorkerMain.java:69)
	at worker.org.gradle.process.internal.worker.GradleWorkerMain.main(GradleWorkerMain.java:74)
javax.sound.sampled.LineUnavailableException: line with format PCM_SIGNED 48000.0 Hz, 16 bit, stereo, 4 bytes/frame, little-endian not supported.
	at java.desktop/com.sun.media.sound.DirectAudioDevice$DirectDL.implOpen(DirectAudioDevice.java:484)
	at java.desktop/com.sun.media.sound.DirectAudioDevice$DirectClip.implOpen(DirectAudioDevice.java:1241)
	at java.desktop/com.sun.media.sound.AbstractDataLine.open(AbstractDataLine.java:115)
	at java.desktop/com.sun.media.sound.DirectAudioDevice$DirectClip.open(DirectAudioDevice.java:1038)
	at java.desktop/com.sun.media.sound.DirectAudioDevice$DirectClip.open(DirectAudioDevice.java:1134)
	at birdrun.controller.MusicController.loadSound(MusicController.java:39)
	at birdrun.controller.MusicController.loadMusicFiles(MusicController.java:27)
	at birdrun.controller.MusicController.<init>(MusicController.java:19)
	at birdrun.controller.arena.ArenaController.<init>(ArenaController.java:50)
	at jdk.internal.reflect.GeneratedConstructorAccessor26.newInstance(Unknown Source)
	at java.base/jdk.internal.reflect.DelegatingConstructorAccessorImpl.newInstance(DelegatingConstructorAccessorImpl.java:45)
	at java.base/java.lang.reflect.Constructor.newInstanceWithCaller(Constructor.java:499)
	at java.base/java.lang.reflect.Constructor.newInstance(Constructor.java:480)
	at org.codehaus.groovy.reflection.CachedConstructor.invoke(CachedConstructor.java:72)
	at org.codehaus.groovy.runtime.callsite.ConstructorSite$ConstructorSiteNoUnwrapNoCoerce.callConstructor(ConstructorSite.java:105)
	at org.codehaus.groovy.runtime.callsite.AbstractCallSite.callConstructor(AbstractCallSite.java:277)
	at birdrun.controller.Test_ArenaController.setup(Test_ArenaController.groovy:20)
	at jdk.internal.reflect.GeneratedMethodAccessor16.invoke(Unknown Source)
	at java.base/jdk.internal.reflect.DelegatingMethodAccessorImpl.invoke(DelegatingMethodAccessorImpl.java:43)
	at java.base/java.lang.reflect.Method.invoke(Method.java:568)
	at org.spockframework.util.ReflectionUtil.invokeMethod(ReflectionUtil.java:198)
	at org.spockframework.runtime.model.MethodInfo.lambda$new$0(MethodInfo.java:47)
	at org.spockframework.runtime.model.MethodInfo.invoke(MethodInfo.java:148)
	at org.spockframework.runtime.PlatformSpecRunner.invokeRaw(PlatformSpecRunner.java:409)
	at org.spockframework.runtime.PlatformSpecRunner.invoke(PlatformSpecRunner.java:392)
	at org.spockframework.runtime.PlatformSpecRunner.doRunSetup(PlatformSpecRunner.java:315)
	at org.spockframework.runtime.PlatformSpecRunner.lambda$createMethodInfoForDoRunSetup$7(PlatformSpecRunner.java:297)
	at org.spockframework.runtime.model.MethodInfo.invoke(MethodInfo.java:148)
	at org.spockframework.runtime.PlatformSpecRunner.invokeRaw(PlatformSpecRunner.java:409)
	at org.spockframework.runtime.PlatformSpecRunner.invoke(PlatformSpecRunner.java:392)
	at org.spockframework.runtime.PlatformSpecRunner.runSetup(PlatformSpecRunner.java:291)
	at org.spockframework.runtime.PlatformSpecRunner.runSetup(PlatformSpecRunner.java:286)
	at org.spockframework.runtime.IterationNode.before(IterationNode.java:38)
	at org.spockframework.runtime.IterationNode.before(IterationNode.java:11)
	at org.junit.platform.engine.support.hierarchical.NodeTestTask.lambda$executeRecursively$6(NodeTestTask.java:148)
	at org.junit.platform.engine.support.hierarchical.ThrowableCollector.execute(ThrowableCollector.java:73)
	at org.junit.platform.engine.support.hierarchical.NodeTestTask.lambda$executeRecursively$8(NodeTestTask.java:141)
	at org.spockframework.runtime.SpockNode.sneakyInvoke(SpockNode.java:40)
	at org.spockframework.runtime.IterationNode.lambda$around$0(IterationNode.java:63)
	at org.spockframework.runtime.PlatformSpecRunner.lambda$createMethodInfoForDoRunIteration$5(PlatformSpecRunner.java:238)
	at org.spockframework.runtime.model.MethodInfo.invoke(MethodInfo.java:148)
	at org.spockframework.runtime.PlatformSpecRunner.invokeRaw(PlatformSpecRunner.java:409)
	at org.spockframework.runtime.PlatformSpecRunner.invoke(PlatformSpecRunner.java:392)
	at org.spockframework.runtime.PlatformSpecRunner.runIteration(PlatformSpecRunner.java:220)
	at org.spockframework.runtime.IterationNode.around(IterationNode.java:63)
	at org.spockframework.runtime.IterationNode.around(IterationNode.java:11)
	at org.junit.platform.engine.support.hierarchical.NodeTestTask.lambda$executeRecursively$9(NodeTestTask.java:139)
	at org.junit.platform.engine.support.hierarchical.ThrowableCollector.execute(ThrowableCollector.java:73)
	at org.junit.platform.engine.support.hierarchical.NodeTestTask.executeRecursively(NodeTestTask.java:138)
	at org.junit.platform.engine.support.hierarchical.NodeTestTask.execute(NodeTestTask.java:95)
	at org.junit.platform.engine.support.hierarchical.SameThreadHierarchicalTestExecutorService.submit(SameThreadHierarchicalTestExecutorService.java:35)
	at org.junit.platform.engine.support.hierarchical.NodeTestTask$DefaultDynamicTestExecutor.execute(NodeTestTask.java:226)
	at org.junit.platform.engine.support.hierarchical.NodeTestTask$DefaultDynamicTestExecutor.execute(NodeTestTask.java:204)
	at org.spockframework.runtime.ParameterizedFeatureChildExecutor.execute(ParameterizedFeatureChildExecutor.java:53)
	at org.spockframework.runtime.PlatformParameterizedSpecRunner.runIterations(PlatformParameterizedSpecRunner.java:186)
	at org.spockframework.runtime.PlatformParameterizedSpecRunner.runParameterizedFeature(PlatformParameterizedSpecRunner.java:45)
	at org.spockframework.runtime.ParameterizedFeatureNode.execute(ParameterizedFeatureNode.java:40)
	at org.spockframework.runtime.ParameterizedFeatureNode.execute(ParameterizedFeatureNode.java:16)
	at org.junit.platform.engine.support.hierarchical.NodeTestTask.lambda$executeRecursively$6(NodeTestTask.java:151)
	at org.junit.platform.engine.support.hierarchical.ThrowableCollector.execute(ThrowableCollector.java:73)
	at org.junit.platform.engine.support.hierarchical.NodeTestTask.lambda$executeRecursively$8(NodeTestTask.java:141)
	at org.spockframework.runtime.SpockNode.sneakyInvoke(SpockNode.java:40)
	at org.spockframework.runtime.FeatureNode.lambda$around$0(FeatureNode.java:29)
	at org.spockframework.runtime.PlatformSpecRunner.lambda$createMethodInfoForDoRunFeature$4(PlatformSpecRunner.java:201)
	at org.spockframework.runtime.model.MethodInfo.invoke(MethodInfo.java:148)
	at org.spockframework.runtime.PlatformSpecRunner.invokeRaw(PlatformSpecRunner.java:409)
	at org.spockframework.runtime.PlatformSpecRunner.invoke(PlatformSpecRunner.java:392)
	at org.spockframework.runtime.PlatformSpecRunner.runFeature(PlatformSpecRunner.java:194)
	at org.spockframework.runtime.FeatureNode.around(FeatureNode.java:29)
	at org.spockframework.runtime.FeatureNode.around(FeatureNode.java:8)
	at org.junit.platform.engine.support.hierarchical.NodeTestTask.lambda$executeRecursively$9(NodeTestTask.java:139)
	at org.junit.platform.engine.support.hierarchical.ThrowableCollector.execute(ThrowableCollector.java:73)
	at org.junit.platform.engine.support.hierarchical.NodeTestTask.executeRecursively(NodeTestTask.java:138)
	at org.junit.platform.engine.support.hierarchical.NodeTestTask.execute(NodeTestTask.java:95)
	at java.base/java.util.ArrayList.forEach(ArrayList.java:1511)
	at org.junit.platform.engine.support.hierarchical.SameThreadHierarchicalTestExecutorService.invokeAll(SameThreadHierarchicalTestExecutorService.java:41)
	at org.junit.platform.engine.support.hierarchical.NodeTestTask.lambda$executeRecursively$6(NodeTestTask.java:155)
	at org.junit.platform.engine.support.hierarchical.ThrowableCollector.execute(ThrowableCollector.java:73)
	at org.junit.platform.engine.support.hierarchical.NodeTestTask.lambda$executeRecursively$8(NodeTestTask.java:141)
	at org.spockframework.runtime.SpockNode.sneakyInvoke(SpockNode.java:40)
	at org.spockframework.runtime.SpecNode.lambda$around$0(SpecNode.java:63)
	at org.spockframework.runtime.PlatformSpecRunner.lambda$createMethodInfoForDoRunSpec$0(PlatformSpecRunner.java:61)
	at org.spockframework.runtime.model.MethodInfo.invoke(MethodInfo.java:148)
	at org.spockframework.runtime.PlatformSpecRunner.invokeRaw(PlatformSpecRunner.java:409)
	at org.spockframework.runtime.PlatformSpecRunner.invoke(PlatformSpecRunner.java:392)
	at org.spockframework.runtime.PlatformSpecRunner.runSpec(PlatformSpecRunner.java:55)
	at org.spockframework.runtime.SpecNode.around(SpecNode.java:63)
	at org.spockframework.runtime.SpecNode.around(SpecNode.java:11)
	at org.junit.platform.engine.support.hierarchical.NodeTestTask.lambda$executeRecursively$9(NodeTestTask.java:139)
	at org.junit.platform.engine.support.hierarchical.ThrowableCollector.execute(ThrowableCollector.java:73)
	at org.junit.platform.engine.support.hierarchical.NodeTestTask.executeRecursively(NodeTestTask.java:138)
	at org.junit.platform.engine.support.hierarchical.NodeTestTask.execute(NodeTestTask.java:95)
	at java.base/java.util.ArrayList.forEach(ArrayList.java:1511)
	at org.junit.platform.engine.support.hierarchical.SameThreadHierarchicalTestExecutorService.invokeAll(SameThreadHierarchicalTestExecutorService.java:41)
	at org.junit.platform.engine.support.hierarchical.NodeTestTask.lambda$executeRecursively$6(NodeTestTask.java:155)
	at org.junit.platform.engine.support.hierarchical.ThrowableCollector.execute(ThrowableCollector.java:73)
	at org.junit.platform.engine.support.hierarchical.NodeTestTask.lambda$executeRecursively$8(NodeTestTask.java:141)
	at org.junit.platform.engine.support.hierarchical.Node.around(Node.java:137)
	at org.junit.platform.engine.support.hierarchical.NodeTestTask.lambda$executeRecursively$9(NodeTestTask.java:139)
	at org.junit.platform.engine.support.hierarchical.ThrowableCollector.execute(ThrowableCollector.java:73)
	at org.junit.platform.engine.support.hierarchical.NodeTestTask.executeRecursively(NodeTestTask.java:138)
	at org.junit.platform.engine.support.hierarchical.NodeTestTask.execute(NodeTestTask.java:95)
	at org.junit.platform.engine.support.hierarchical.SameThreadHierarchicalTestExecutorService.submit(SameThreadHierarchicalTestExecutorService.java:35)
	at org.junit.platform.engine.support.hierarchical.HierarchicalTestExecutor.execute(HierarchicalTestExecutor.java:57)
	at org.junit.platform.engine.support.hierarchical.HierarchicalTestEngine.execute(HierarchicalTestEngine.java:54)
	at org.junit.platform.launcher.core.EngineExecutionOrchestrator.execute(EngineExecutionOrchestrator.java:107)
	at org.junit.platform.launcher.core.EngineExecutionOrchestrator.execute(EngineExecutionOrchestrator.java:88)
	at org.junit.platform.launcher.core.EngineExecutionOrchestrator.lambda$execute$0(EngineExecutionOrchestrator.java:54)
	at org.junit.platform.launcher.core.EngineExecutionOrchestrator.withInterceptedStreams(EngineExecutionOrchestrator.java:67)
	at org.junit.platform.launcher.core.EngineExecutionOrchestrator.execute(EngineExecutionOrchestrator.java:52)
	at org.junit.platform.launcher.core.DefaultLauncher.execute(DefaultLauncher.java:114)
	at org.junit.platform.launcher.core.DefaultLauncher.execute(DefaultLauncher.java:86)
	at org.junit.platform.launcher.core.DefaultLauncherSession$DelegatingLauncher.execute(DefaultLauncherSession.java:86)
	at org.junit.platform.launcher.core.SessionPerRequestLauncher.execute(SessionPerRequestLauncher.java:53)
	at org.gradle.api.internal.tasks.testing.junitplatform.JUnitPlatformTestClassProcessor$CollectAllTestClassesExecutor.processAllTestClasses(JUnitPlatformTestClassProcessor.java:99)
	at org.gradle.api.internal.tasks.testing.junitplatform.JUnitPlatformTestClassProcessor$CollectAllTestClassesExecutor.access$000(JUnitPlatformTestClassProcessor.java:79)
	at org.gradle.api.internal.tasks.testing.junitplatform.JUnitPlatformTestClassProcessor.stop(JUnitPlatformTestClassProcessor.java:75)
	at org.gradle.api.internal.tasks.testing.SuiteTestClassProcessor.stop(SuiteTestClassProcessor.java:61)
	at java.base/jdk.internal.reflect.NativeMethodAccessorImpl.invoke0(Native Method)
	at java.base/jdk.internal.reflect.NativeMethodAccessorImpl.invoke(NativeMethodAccessorImpl.java:77)
	at java.base/jdk.internal.reflect.DelegatingMethodAccessorImpl.invoke(DelegatingMethodAccessorImpl.java:43)
	at java.base/java.lang.reflect.Method.invoke(Method.java:568)
	at org.gradle.internal.dispatch.ReflectionDispatch.dispatch(ReflectionDispatch.java:36)
	at org.gradle.internal.dispatch.ReflectionDispatch.dispatch(ReflectionDispatch.java:24)
	at org.gradle.internal.dispatch.ContextClassLoaderDispatch.dispatch(ContextClassLoaderDispatch.java:33)
	at org.gradle.internal.dispatch.ProxyDispatchAdapter$DispatchingInvocationHandler.invoke(ProxyDispatchAdapter.java:94)
	at jdk.proxy1/jdk.proxy1.$Proxy2.stop(Unknown Source)
	at org.gradle.api.internal.tasks.testing.worker.TestWorker$3.run(TestWorker.java:193)
	at org.gradle.api.internal.tasks.testing.worker.TestWorker.executeAndMaintainThreadName(TestWorker.java:129)
	at org.gradle.api.internal.tasks.testing.worker.TestWorker.execute(TestWorker.java:100)
	at org.gradle.api.internal.tasks.testing.worker.TestWorker.execute(TestWorker.java:60)
	at org.gradle.process.internal.worker.child.ActionExecutionWorker.execute(ActionExecutionWorker.java:56)
	at org.gradle.process.internal.worker.child.SystemApplicationClassLoaderWorker.call(SystemApplicationClassLoaderWorker.java:133)
	at org.gradle.process.internal.worker.child.SystemApplicationClassLoaderWorker.call(SystemApplicationClassLoaderWorker.java:71)
	at worker.org.gradle.process.internal.worker.GradleWorkerMain.run(GradleWorkerMain.java:69)
	at worker.org.gradle.process.internal.worker.GradleWorkerMain.main(GradleWorkerMain.java:74)
javax.sound.sampled.LineUnavailableException: line with format PCM_SIGNED 48000.0 Hz, 16 bit, stereo, 4 bytes/frame, little-endian not supported.
	at java.desktop/com.sun.media.sound.DirectAudioDevice$DirectDL.implOpen(DirectAudioDevice.java:484)
	at java.desktop/com.sun.media.sound.DirectAudioDevice$DirectClip.implOpen(DirectAudioDevice.java:1241)
	at java.desktop/com.sun.media.sound.AbstractDataLine.open(AbstractDataLine.java:115)
	at java.desktop/com.sun.media.sound.DirectAudioDevice$DirectClip.open(DirectAudioDevice.java:1038)
	at java.desktop/com.sun.media.sound.DirectAudioDevice$DirectClip.open(DirectAudioDevice.java:1134)
	at birdrun.controller.MusicController.loadSound(MusicController.java:39)
	at birdrun.controller.MusicController.loadMusicFiles(MusicController.java:24)
	at birdrun.controller.MusicController.<init>(MusicController.java:19)
	at birdrun.controller.arena.ArenaController.<init>(ArenaController.java:50)
	at jdk.internal.reflect.GeneratedConstructorAccessor26.newInstance(Unknown Source)
	at java.base/jdk.internal.reflect.DelegatingConstructorAccessorImpl.newInstance(DelegatingConstructorAccessorImpl.java:45)
	at java.base/java.lang.reflect.Constructor.newInstanceWithCaller(Constructor.java:499)
	at java.base/java.lang.reflect.Constructor.newInstance(Constructor.java:480)
	at org.codehaus.groovy.reflection.CachedConstructor.invoke(CachedConstructor.java:72)
	at org.codehaus.groovy.runtime.callsite.ConstructorSite$ConstructorSiteNoUnwrapNoCoerce.callConstructor(ConstructorSite.java:105)
	at org.codehaus.groovy.runtime.callsite.AbstractCallSite.callConstructor(AbstractCallSite.java:277)
	at birdrun.controller.Test_ArenaController.setup(Test_ArenaController.groovy:20)
	at jdk.internal.reflect.GeneratedMethodAccessor16.invoke(Unknown Source)
	at java.base/jdk.internal.reflect.DelegatingMethodAccessorImpl.invoke(DelegatingMethodAccessorImpl.java:43)
	at java.base/java.lang.reflect.Method.invoke(Method.java:568)
	at org.spockframework.util.ReflectionUtil.invokeMethod(ReflectionUtil.java:198)
	at org.spockframework.runtime.model.MethodInfo.lambda$new$0(MethodInfo.java:47)
	at org.spockframework.runtime.model.MethodInfo.invoke(MethodInfo.java:148)
	at org.spockframework.runtime.PlatformSpecRunner.invokeRaw(PlatformSpecRunner.java:409)
	at org.spockframework.runtime.PlatformSpecRunner.invoke(PlatformSpecRunner.java:392)
	at org.spockframework.runtime.PlatformSpecRunner.doRunSetup(PlatformSpecRunner.java:315)
	at org.spockframework.runtime.PlatformSpecRunner.lambda$createMethodInfoForDoRunSetup$7(PlatformSpecRunner.java:297)
	at org.spockframework.runtime.model.MethodInfo.invoke(MethodInfo.java:148)
	at org.spockframework.runtime.PlatformSpecRunner.invokeRaw(PlatformSpecRunner.java:409)
	at org.spockframework.runtime.PlatformSpecRunner.invoke(PlatformSpecRunner.java:392)
	at org.spockframework.runtime.PlatformSpecRunner.runSetup(PlatformSpecRunner.java:291)
	at org.spockframework.runtime.PlatformSpecRunner.runSetup(PlatformSpecRunner.java:286)
	at org.spockframework.runtime.IterationNode.before(IterationNode.java:38)
	at org.spockframework.runtime.IterationNode.before(IterationNode.java:11)
	at org.junit.platform.engine.support.hierarchical.NodeTestTask.lambda$executeRecursively$6(NodeTestTask.java:148)
	at org.junit.platform.engine.support.hierarchical.ThrowableCollector.execute(ThrowableCollector.java:73)
	at org.junit.platform.engine.support.hierarchical.NodeTestTask.lambda$executeRecursively$8(NodeTestTask.java:141)
	at org.spockframework.runtime.SpockNode.sneakyInvoke(SpockNode.java:40)
	at org.spockframework.runtime.IterationNode.lambda$around$0(IterationNode.java:63)
	at org.spockframework.runtime.PlatformSpecRunner.lambda$createMethodInfoForDoRunIteration$5(PlatformSpecRunner.java:238)
	at org.spockframework.runtime.model.MethodInfo.invoke(MethodInfo.java:148)
	at org.spockframework.runtime.PlatformSpecRunner.invokeRaw(PlatformSpecRunner.java:409)
	at org.spockframework.runtime.PlatformSpecRunner.invoke(PlatformSpecRunner.java:392)
	at org.spockframework.runtime.PlatformSpecRunner.runIteration(PlatformSpecRunner.java:220)
	at org.spockframework.runtime.IterationNode.around(IterationNode.java:63)
	at org.spockframework.runtime.IterationNode.around(IterationNode.java:11)
	at org.junit.platform.engine.support.hierarchical.NodeTestTask.lambda$executeRecursively$9(NodeTestTask.java:139)
	at org.junit.platform.engine.support.hierarchical.ThrowableCollector.execute(ThrowableCollector.java:73)
	at org.junit.platform.engine.support.hierarchical.NodeTestTask.executeRecursively(NodeTestTask.java:138)
	at org.junit.platform.engine.support.hierarchical.NodeTestTask.execute(NodeTestTask.java:95)
	at org.junit.platform.engine.support.hierarchical.SameThreadHierarchicalTestExecutorService.submit(SameThreadHierarchicalTestExecutorService.java:35)
	at org.junit.platform.engine.support.hierarchical.NodeTestTask$DefaultDynamicTestExecutor.execute(NodeTestTask.java:226)
	at org.junit.platform.engine.support.hierarchical.NodeTestTask$DefaultDynamicTestExecutor.execute(NodeTestTask.java:204)
	at org.spockframework.runtime.ParameterizedFeatureChildExecutor.execute(ParameterizedFeatureChildExecutor.java:53)
	at org.spockframework.runtime.PlatformParameterizedSpecRunner.runIterations(PlatformParameterizedSpecRunner.java:186)
	at org.spockframework.runtime.PlatformParameterizedSpecRunner.runParameterizedFeature(PlatformParameterizedSpecRunner.java:45)
	at org.spockframework.runtime.ParameterizedFeatureNode.execute(ParameterizedFeatureNode.java:40)
	at org.spockframework.runtime.ParameterizedFeatureNode.execute(ParameterizedFeatureNode.java:16)
	at org.junit.platform.engine.support.hierarchical.NodeTestTask.lambda$executeRecursively$6(NodeTestTask.java:151)
	at org.junit.platform.engine.support.hierarchical.ThrowableCollector.execute(ThrowableCollector.java:73)
	at org.junit.platform.engine.support.hierarchical.NodeTestTask.lambda$executeRecursively$8(NodeTestTask.java:141)
	at org.spockframework.runtime.SpockNode.sneakyInvoke(SpockNode.java:40)
	at org.spockframework.runtime.FeatureNode.lambda$around$0(FeatureNode.java:29)
	at org.spockframework.runtime.PlatformSpecRunner.lambda$createMethodInfoForDoRunFeature$4(PlatformSpecRunner.java:201)
	at org.spockframework.runtime.model.MethodInfo.invoke(MethodInfo.java:148)
	at org.spockframework.runtime.PlatformSpecRunner.invokeRaw(PlatformSpecRunner.java:409)
	at org.spockframework.runtime.PlatformSpecRunner.invoke(PlatformSpecRunner.java:392)
	at org.spockframework.runtime.PlatformSpecRunner.runFeature(PlatformSpecRunner.java:194)
	at org.spockframework.runtime.FeatureNode.around(FeatureNode.java:29)
	at org.spockframework.runtime.FeatureNode.around(FeatureNode.java:8)
	at org.junit.platform.engine.support.hierarchical.NodeTestTask.lambda$executeRecursively$9(NodeTestTask.java:139)
	at org.junit.platform.engine.support.hierarchical.ThrowableCollector.execute(ThrowableCollector.java:73)
	at org.junit.platform.engine.support.hierarchical.NodeTestTask.executeRecursively(NodeTestTask.java:138)
	at org.junit.platform.engine.support.hierarchical.NodeTestTask.execute(NodeTestTask.java:95)
	at java.base/java.util.ArrayList.forEach(ArrayList.java:1511)
	at org.junit.platform.engine.support.hierarchical.SameThreadHierarchicalTestExecutorService.invokeAll(SameThreadHierarchicalTestExecutorService.java:41)
	at org.junit.platform.engine.support.hierarchical.NodeTestTask.lambda$executeRecursively$6(NodeTestTask.java:155)
	at org.junit.platform.engine.support.hierarchical.ThrowableCollector.execute(ThrowableCollector.java:73)
	at org.junit.platform.engine.support.hierarchical.NodeTestTask.lambda$executeRecursively$8(NodeTestTask.java:141)
	at org.spockframework.runtime.SpockNode.sneakyInvoke(SpockNode.java:40)
	at org.spockframework.runtime.SpecNode.lambda$around$0(SpecNode.java:63)
	at org.spockframework.runtime.PlatformSpecRunner.lambda$createMethodInfoForDoRunSpec$0(PlatformSpecRunner.java:61)
	at org.spockframework.runtime.model.MethodInfo.invoke(MethodInfo.java:148)
	at org.spockframework.runtime.PlatformSpecRunner.invokeRaw(PlatformSpecRunner.java:409)
	at org.spockframework.runtime.PlatformSpecRunner.invoke(PlatformSpecRunner.java:392)
	at org.spockframework.runtime.PlatformSpecRunner.runSpec(PlatformSpecRunner.java:55)
	at org.spockframework.runtime.SpecNode.around(SpecNode.java:63)
	at org.spockframework.runtime.SpecNode.around(SpecNode.java:11)
[...]
	at org.spockframework.runtime.IterationNode.around(IterationNode.java:63)
	at org.spockframework.runtime.SimpleFeatureNode.lambda$around$0(SimpleFeatureNode.java:52)
	at org.spockframework.runtime.SpockNode.sneakyInvoke(SpockNode.java:40)
	at org.spockframework.runtime.FeatureNode.lambda$around$0(FeatureNode.java:29)
	at org.spockframework.runtime.PlatformSpecRunner.lambda$createMethodInfoForDoRunFeature$4(PlatformSpecRunner.java:201)
	at org.spockframework.runtime.model.MethodInfo.invoke(MethodInfo.java:148)
	at org.spockframework.runtime.PlatformSpecRunner.invokeRaw(PlatformSpecRunner.java:409)
	at org.spockframework.runtime.PlatformSpecRunner.invoke(PlatformSpecRunner.java:392)
	at org.spockframework.runtime.PlatformSpecRunner.runFeature(PlatformSpecRunner.java:194)
	at org.spockframework.runtime.FeatureNode.around(FeatureNode.java:29)
	at org.spockframework.runtime.SimpleFeatureNode.around(SimpleFeatureNode.java:52)
	at org.spockframework.runtime.SimpleFeatureNode.around(SimpleFeatureNode.java:15)
	at org.junit.platform.engine.support.hierarchical.NodeTestTask.lambda$executeRecursively$9(NodeTestTask.java:139)
	at org.junit.platform.engine.support.hierarchical.ThrowableCollector.execute(ThrowableCollector.java:73)
	at org.junit.platform.engine.support.hierarchical.NodeTestTask.executeRecursively(NodeTestTask.java:138)
	at org.junit.platform.engine.support.hierarchical.NodeTestTask.execute(NodeTestTask.java:95)
	at java.base/java.util.ArrayList.forEach(ArrayList.java:1511)
	at org.junit.platform.engine.support.hierarchical.SameThreadHierarchicalTestExecutorService.invokeAll(SameThreadHierarchicalTestExecutorService.java:41)
	at org.junit.platform.engine.support.hierarchical.NodeTestTask.lambda$executeRecursively$6(NodeTestTask.java:155)
	at org.junit.platform.engine.support.hierarchical.ThrowableCollector.execute(ThrowableCollector.java:73)
	at org.junit.platform.engine.support.hierarchical.NodeTestTask.lambda$executeRecursively$8(NodeTestTask.java:141)
	at org.spockframework.runtime.SpockNode.sneakyInvoke(SpockNode.java:40)
	at org.spockframework.runtime.SpecNode.lambda$around$0(SpecNode.java:63)
	at org.spockframework.runtime.PlatformSpecRunner.lambda$createMethodInfoForDoRunSpec$0(PlatformSpecRunner.java:61)
	at org.spockframework.runtime.model.MethodInfo.invoke(MethodInfo.java:148)
	at org.spockframework.runtime.PlatformSpecRunner.invokeRaw(PlatformSpecRunner.java:409)
	at org.spockframework.runtime.PlatformSpecRunner.invoke(PlatformSpecRunner.java:392)
	at org.spockframework.runtime.PlatformSpecRunner.runSpec(PlatformSpecRunner.java:55)
	at org.spockframework.runtime.SpecNode.around(SpecNode.java:63)
	at org.spockframework.runtime.SpecNode.around(SpecNode.java:11)
	at org.junit.platform.engine.support.hierarchical.NodeTestTask.lambda$executeRecursively$9(NodeTestTask.java:139)
	at org.junit.platform.engine.support.hierarchical.ThrowableCollector.execute(ThrowableCollector.java:73)
	at org.junit.platform.engine.support.hierarchical.NodeTestTask.executeRecursively(NodeTestTask.java:138)
	at org.junit.platform.engine.support.hierarchical.NodeTestTask.execute(NodeTestTask.java:95)
	at java.base/java.util.ArrayList.forEach(ArrayList.java:1511)
	at org.junit.platform.engine.support.hierarchical.SameThreadHierarchicalTestExecutorService.invokeAll(SameThreadHierarchicalTestExecutorService.java:41)
	at org.junit.platform.engine.support.hierarchical.NodeTestTask.lambda$executeRecursively$6(NodeTestTask.java:155)
	at org.junit.platform.engine.support.hierarchical.ThrowableCollector.execute(ThrowableCollector.java:73)
	at org.junit.platform.engine.support.hierarchical.NodeTestTask.lambda$executeRecursively$8(NodeTestTask.java:141)
	at org.junit.platform.engine.support.hierarchical.Node.around(Node.java:137)
	at org.junit.platform.engine.support.hierarchical.NodeTestTask.lambda$executeRecursively$9(NodeTestTask.java:139)
	at org.junit.platform.engine.support.hierarchical.ThrowableCollector.execute(ThrowableCollector.java:73)
	at org.junit.platform.engine.support.hierarchical.NodeTestTask.executeRecursively(NodeTestTask.java:138)
	at org.junit.platform.engine.support.hierarchical.NodeTestTask.execute(NodeTestTask.java:95)
	at org.junit.platform.engine.support.hierarchical.SameThreadHierarchicalTestExecutorService.submit(SameThreadHierarchicalTestExecutorService.java:35)
	at org.junit.platform.engine.support.hierarchical.HierarchicalTestExecutor.execute(HierarchicalTestExecutor.java:57)
	at org.junit.platform.engine.support.hierarchical.HierarchicalTestEngine.execute(HierarchicalTestEngine.java:54)
	at org.junit.platform.launcher.core.EngineExecutionOrchestrator.execute(EngineExecutionOrchestrator.java:107)
	at org.junit.platform.launcher.core.EngineExecutionOrchestrator.execute(EngineExecutionOrchestrator.java:88)
	at org.junit.platform.launcher.core.EngineExecutionOrchestrator.lambda$execute$0(EngineExecutionOrchestrator.java:54)
	at org.junit.platform.launcher.core.EngineExecutionOrchestrator.withInterceptedStreams(EngineExecutionOrchestrator.java:67)
	at org.junit.platform.launcher.core.EngineExecutionOrchestrator.execute(EngineExecutionOrchestrator.java:52)
	at org.junit.platform.launcher.core.DefaultLauncher.execute(DefaultLauncher.java:114)
	at org.junit.platform.launcher.core.DefaultLauncher.execute(DefaultLauncher.java:86)
	at org.junit.platform.launcher.core.DefaultLauncherSession$DelegatingLauncher.execute(DefaultLauncherSession.java:86)
	at org.junit.platform.launcher.core.SessionPerRequestLauncher.execute(SessionPerRequestLauncher.java:53)
	at org.gradle.api.internal.tasks.testing.junitplatform.JUnitPlatformTestClassProcessor$CollectAllTestClassesExecutor.processAllTestClasses(JUnitPlatformTestClassProcessor.java:99)
	at org.gradle.api.internal.tasks.testing.junitplatform.JUnitPlatformTestClassProcessor$CollectAllTestClassesExecutor.access$000(JUnitPlatformTestClassProcessor.java:79)
	at org.gradle.api.internal.tasks.testing.junitplatform.JUnitPlatformTestClassProcessor.stop(JUnitPlatformTestClassProcessor.java:75)
	at org.gradle.api.internal.tasks.testing.SuiteTestClassProcessor.stop(SuiteTestClassProcessor.java:61)
	at java.base/jdk.internal.reflect.NativeMethodAccessorImpl.invoke0(Native Method)
	at java.base/jdk.internal.reflect.NativeMethodAccessorImpl.invoke(NativeMethodAccessorImpl.java:77)
	at java.base/jdk.internal.reflect.DelegatingMethodAccessorImpl.invoke(DelegatingMethodAccessorImpl.java:43)
	at java.base/java.lang.reflect.Method.invoke(Method.java:568)
	at org.gradle.internal.dispatch.ReflectionDispatch.dispatch(ReflectionDispatch.java:36)
	at org.gradle.internal.dispatch.ReflectionDispatch.dispatch(ReflectionDispatch.java:24)
	at org.gradle.internal.dispatch.ContextClassLoaderDispatch.dispatch(ContextClassLoaderDispatch.java:33)
	at org.gradle.internal.dispatch.ProxyDispatchAdapter$DispatchingInvocationHandler.invoke(ProxyDispatchAdapter.java:94)
	at jdk.proxy1/jdk.proxy1.$Proxy2.stop(Unknown Source)
	at org.gradle.api.internal.tasks.testing.worker.TestWorker$3.run(TestWorker.java:193)
	at org.gradle.api.internal.tasks.testing.worker.TestWorker.executeAndMaintainThreadName(TestWorker.java:129)
	at org.gradle.api.internal.tasks.testing.worker.TestWorker.execute(TestWorker.java:100)
	at org.gradle.api.internal.tasks.testing.worker.TestWorker.execute(TestWorker.java:60)
	at org.gradle.process.internal.worker.child.ActionExecutionWorker.execute(ActionExecutionWorker.java:56)
	at org.gradle.process.internal.worker.child.SystemApplicationClassLoaderWorker.call(SystemApplicationClassLoaderWorker.java:133)
	at org.gradle.process.internal.worker.child.SystemApplicationClassLoaderWorker.call(SystemApplicationClassLoaderWorker.java:71)
	at worker.org.gradle.process.internal.worker.GradleWorkerMain.run(GradleWorkerMain.java:69)
	at worker.org.gradle.process.internal.worker.GradleWorkerMain.main(GradleWorkerMain.java:74)
javax.sound.sampled.LineUnavailableException: line with format PCM_SIGNED 48000.0 Hz, 16 bit, stereo, 4 bytes/frame, little-endian not supported.
	at java.desktop/com.sun.media.sound.DirectAudioDevice$DirectDL.implOpen(DirectAudioDevice.java:484)
	at java.desktop/com.sun.media.sound.DirectAudioDevice$DirectClip.implOpen(DirectAudioDevice.java:1241)
	at java.desktop/com.sun.media.sound.AbstractDataLine.open(AbstractDataLine.java:115)
	at java.desktop/com.sun.media.sound.DirectAudioDevice$DirectClip.open(DirectAudioDevice.java:1038)
	at java.desktop/com.sun.media.sound.DirectAudioDevice$DirectClip.open(DirectAudioDevice.java:1134)
	at birdrun.controller.MusicController.loadSound(MusicController.java:39)
	at birdrun.controller.MusicController.loadMusicFiles(MusicController.java:27)
	at birdrun.controller.MusicController.<init>(MusicController.java:19)
	at birdrun.controller.arena.ArenaController.<init>(ArenaController.java:50)
	at jdk.internal.reflect.GeneratedConstructorAccessor26.newInstance(Unknown Source)
	at java.base/jdk.internal.reflect.DelegatingConstructorAccessorImpl.newInstance(DelegatingConstructorAccessorImpl.java:45)
	at java.base/java.lang.reflect.Constructor.newInstanceWithCaller(Constructor.java:499)
	at java.base/java.lang.reflect.Constructor.newInstance(Constructor.java:480)
	at org.codehaus.groovy.reflection.CachedConstructor.invoke(CachedConstructor.java:72)
	at org.codehaus.groovy.runtime.callsite.ConstructorSite$ConstructorSiteNoUnwrapNoCoerce.callConstructor(ConstructorSite.java:105)
	at org.codehaus.groovy.runtime.callsite.AbstractCallSite.callConstructor(AbstractCallSite.java:277)
	at birdrun.controller.Test_ArenaController.setup(Test_ArenaController.groovy:20)
	at jdk.internal.reflect.GeneratedMethodAccessor16.invoke(Unknown Source)
	at java.base/jdk.internal.reflect.DelegatingMethodAccessorImpl.invoke(DelegatingMethodAccessorImpl.java:43)
	at java.base/java.lang.reflect.Method.invoke(Method.java:568)
	at org.spockframework.util.ReflectionUtil.invokeMethod(ReflectionUtil.java:198)
	at org.spockframework.runtime.model.MethodInfo.lambda$new$0(MethodInfo.java:47)
	at org.spockframework.runtime.model.MethodInfo.invoke(MethodInfo.java:148)
	at org.spockframework.runtime.PlatformSpecRunner.invokeRaw(PlatformSpecRunner.java:409)
	at org.spockframework.runtime.PlatformSpecRunner.invoke(PlatformSpecRunner.java:392)
	at org.spockframework.runtime.PlatformSpecRunner.doRunSetup(PlatformSpecRunner.java:315)
	at org.spockframework.runtime.PlatformSpecRunner.lambda$createMethodInfoForDoRunSetup$7(PlatformSpecRunner.java:297)
	at org.spockframework.runtime.model.MethodInfo.invoke(MethodInfo.java:148)
	at org.spockframework.runtime.PlatformSpecRunner.invokeRaw(PlatformSpecRunner.java:409)
	at org.spockframework.runtime.PlatformSpecRunner.invoke(PlatformSpecRunner.java:392)
	at org.spockframework.runtime.PlatformSpecRunner.runSetup(PlatformSpecRunner.java:291)
	at org.spockframework.runtime.PlatformSpecRunner.runSetup(PlatformSpecRunner.java:286)
	at org.spockframework.runtime.SimpleFeatureNode.before(SimpleFeatureNode.java:43)
	at org.spockframework.runtime.SimpleFeatureNode.before(SimpleFeatureNode.java:15)
	at org.junit.platform.engine.support.hierarchical.NodeTestTask.lambda$executeRecursively$6(NodeTestTask.java:148)
	at org.junit.platform.engine.support.hierarchical.ThrowableCollector.execute(ThrowableCollector.java:73)
	at org.junit.platform.engine.support.hierarchical.NodeTestTask.lambda$executeRecursively$8(NodeTestTask.java:141)
	at org.spockframework.runtime.SpockNode.sneakyInvoke(SpockNode.java:40)
	at org.spockframework.runtime.IterationNode.lambda$around$0(IterationNode.java:63)
	at org.spockframework.runtime.PlatformSpecRunner.lambda$createMethodInfoForDoRunIteration$5(PlatformSpecRunner.java:238)
	at org.spockframework.runtime.model.MethodInfo.invoke(MethodInfo.java:148)
	at org.spockframework.runtime.PlatformSpecRunner.invokeRaw(PlatformSpecRunner.java:409)
	at org.spockframework.runtime.PlatformSpecRunner.invoke(PlatformSpecRunner.java:392)
	at org.spockframework.runtime.PlatformSpecRunner.runIteration(PlatformSpecRunner.java:220)
	at org.spockframework.runtime.IterationNode.around(IterationNode.java:63)
	at org.spockframework.runtime.SimpleFeatureNode.lambda$around$0(SimpleFeatureNode.java:52)
	at org.spockframework.runtime.SpockNode.sneakyInvoke(SpockNode.java:40)
	at org.spockframework.runtime.FeatureNode.lambda$around$0(FeatureNode.java:29)
	at org.spockframework.runtime.PlatformSpecRunner.lambda$createMethodInfoForDoRunFeature$4(PlatformSpecRunner.java:201)
	at org.spockframework.runtime.model.MethodInfo.invoke(MethodInfo.java:148)
	at org.spockframework.runtime.PlatformSpecRunner.invokeRaw(PlatformSpecRunner.java:409)
	at org.spockframework.runtime.PlatformSpecRunner.invoke(PlatformSpecRunner.java:392)
	at org.spockframework.runtime.PlatformSpecRunner.runFeature(PlatformSpecRunner.java:194)
	at org.spockframework.runtime.FeatureNode.around(FeatureNode.java:29)
	at org.spockframework.runtime.SimpleFeatureNode.around(SimpleFeatureNode.java:52)
	at org.spockframework.runtime.SimpleFeatureNode.around(SimpleFeatureNode.java:15)
	at org.junit.platform.engine.support.hierarchical.NodeTestTask.lambda$executeRecursively$9(NodeTestTask.java:139)
	at org.junit.platform.engine.support.hierarchical.ThrowableCollector.execute(ThrowableCollector.java:73)
	at org.junit.platform.engine.support.hierarchical.NodeTestTask.executeRecursively(NodeTestTask.java:138)
	at org.junit.platform.engine.support.hierarchical.NodeTestTask.execute(NodeTestTask.java:95)
	at java.base/java.util.ArrayList.forEach(ArrayList.java:1511)
	at org.junit.platform.engine.support.hierarchical.SameThreadHierarchicalTestExecutorService.invokeAll(SameThreadHierarchicalTestExecutorService.java:41)
	at org.junit.platform.engine.support.hierarchical.NodeTestTask.lambda$executeRecursively$6(NodeTestTask.java:155)
	at org.junit.platform.engine.support.hierarchical.ThrowableCollector.execute(ThrowableCollector.java:73)
	at org.junit.platform.engine.support.hierarchical.NodeTestTask.lambda$executeRecursively$8(NodeTestTask.java:141)
	at org.spockframework.runtime.SpockNode.sneakyInvoke(SpockNode.java:40)
	at org.spockframework.runtime.SpecNode.lambda$around$0(SpecNode.java:63)
	at org.spockframework.runtime.PlatformSpecRunner.lambda$createMethodInfoForDoRunSpec$0(PlatformSpecRunner.java:61)
	at org.spockframework.runtime.model.MethodInfo.invoke(MethodInfo.java:148)
	at org.spockframework.runtime.PlatformSpecRunner.invokeRaw(PlatformSpecRunner.java:409)
	at org.spockframework.runtime.PlatformSpecRunner.invoke(PlatformSpecRunner.java:392)
	at org.spockframework.runtime.PlatformSpecRunner.runSpec(PlatformSpecRunner.java:55)
	at org.spockframework.runtime.SpecNode.around(SpecNode.java:63)
	at org.spockframework.runtime.SpecNode.around(SpecNode.java:11)
	at org.junit.platform.engine.support.hierarchical.NodeTestTask.lambda$executeRecursively$9(NodeTestTask.java:139)
	at org.junit.platform.engine.support.hierarchical.ThrowableCollector.execute(ThrowableCollector.java:73)
	at org.junit.platform.engine.support.hierarchical.NodeTestTask.executeRecursively(NodeTestTask.java:138)
	at org.junit.platform.engine.support.hierarchical.NodeTestTask.execute(NodeTestTask.java:95)
	at java.base/java.util.ArrayList.forEach(ArrayList.java:1511)
	at org.junit.platform.engine.support.hierarchical.SameThreadHierarchicalTestExecutorService.invokeAll(SameThreadHierarchicalTestExecutorService.java:41)
	at org.junit.platform.engine.support.hierarchical.NodeTestTask.lambda$executeRecursively$6(NodeTestTask.java:155)
	at org.junit.platform.engine.support.hierarchical.ThrowableCollector.execute(ThrowableCollector.java:73)
	at org.junit.platform.engine.support.hierarchical.NodeTestTask.lambda$executeRecursively$8(NodeTestTask.java:141)
	at org.junit.platform.engine.support.hierarchical.Node.around(Node.java:137)
	at org.junit.platform.engine.support.hierarchical.NodeTestTask.lambda$executeRecursively$9(NodeTestTask.java:139)
	at org.junit.platform.engine.support.hierarchical.ThrowableCollector.execute(ThrowableCollector.java:73)
	at org.junit.platform.engine.support.hierarchical.NodeTestTask.executeRecursively(NodeTestTask.java:138)
	at org.junit.platform.engine.support.hierarchical.NodeTestTask.execute(NodeTestTask.java:95)
	at org.junit.platform.engine.support.hierarchical.SameThreadHierarchicalTestExecutorService.submit(SameThreadHierarchicalTestExecutorService.java:35)
	at org.junit.platform.engine.support.hierarchical.HierarchicalTestExecutor.execute(HierarchicalTestExecutor.java:57)
	at org.junit.platform.engine.support.hierarchical.HierarchicalTestEngine.execute(HierarchicalTestEngine.java:54)
	at org.junit.platform.launcher.core.EngineExecutionOrchestrator.execute(EngineExecutionOrchestrator.java:107)
	at org.junit.platform.launcher.core.EngineExecutionOrchestrator.execute(EngineExecutionOrchestrator.java:88)
	at org.junit.platform.launcher.core.EngineExecutionOrchestrator.lambda$execute$0(EngineExecutionOrchestrator.java:54)
	at org.junit.platform.launcher.core.EngineExecutionOrchestrator.withInterceptedStreams(EngineExecutionOrchestrator.java:67)
	at org.junit.platform.launcher.core.EngineExecutionOrchestrator.execute(EngineExecutionOrchestrator.java:52)
	at org.junit.platform.launcher.core.DefaultLauncher.execute(DefaultLauncher.java:114)
	at org.junit.platform.launcher.core.DefaultLauncher.execute(DefaultLauncher.java:86)
	at org.junit.platform.launcher.core.DefaultLauncherSession$DelegatingLauncher.execute(DefaultLauncherSession.java:86)
	at org.junit.platform.launcher.core.SessionPerRequestLauncher.execute(SessionPerRequestLauncher.java:53)
	at org.gradle.api.internal.tasks.testing.junitplatform.JUnitPlatformTestClassProcessor$CollectAllTestClassesExecutor.processAllTestClasses(JUnitPlatformTestClassProcessor.java:99)
	at org.gradle.api.internal.tasks.testing.junitplatform.JUnitPlatformTestClassProcessor$CollectAllTestClassesExecutor.access$000(JUnitPlatformTestClassProcessor.java:79)
	at org.gradle.api.internal.tasks.testing.junitplatform.JUnitPlatformTestClassProcessor.stop(JUnitPlatformTestClassProcessor.java:75)
	at org.gradle.api.internal.tasks.testing.SuiteTestClassProcessor.stop(SuiteTestClassProcessor.java:61)
	at java.base/jdk.internal.reflect.NativeMethodAccessorImpl.invoke0(Native Method)
	at java.base/jdk.internal.reflect.NativeMethodAccessorImpl.invoke(NativeMethodAccessorImpl.java:77)
	at java.base/jdk.internal.reflect.DelegatingMethodAccessorImpl.invoke(DelegatingMethodAccessorImpl.java:43)
	at java.base/java.lang.reflect.Method.invoke(Method.java:568)
	at org.gradle.internal.dispatch.ReflectionDispatch.dispatch(ReflectionDispatch.java:36)
	at org.gradle.internal.dispatch.ReflectionDispatch.dispatch(ReflectionDispatch.java:24)
	at org.gradle.internal.dispatch.ContextClassLoaderDispatch.dispatch(ContextClassLoaderDispatch.java:33)
	at org.gradle.internal.dispatch.ProxyDispatchAdapter$DispatchingInvocationHandler.invoke(ProxyDispatchAdapter.java:94)
	at jdk.proxy1/jdk.proxy1.$Proxy2.stop(Unknown Source)
	at org.gradle.api.internal.tasks.testing.worker.TestWorker$3.run(TestWorker.java:193)
	at org.gradle.api.internal.tasks.testing.worker.TestWorker.executeAndMaintainThreadName(TestWorker.java:129)
	at org.gradle.api.internal.tasks.testing.worker.TestWorker.execute(TestWorker.java:100)
	at org.gradle.api.internal.tasks.testing.worker.TestWorker.execute(TestWorker.java:60)
	at org.gradle.process.internal.worker.child.ActionExecutionWorker.execute(ActionExecutionWorker.java:56)
	at org.gradle.process.internal.worker.child.SystemApplicationClassLoaderWorker.call(SystemApplicationClassLoaderWorker.java:133)
	at org.gradle.process.internal.worker.child.SystemApplicationClassLoaderWorker.call(SystemApplicationClassLoaderWorker.java:71)
	at worker.org.gradle.process.internal.worker.GradleWorkerMain.run(GradleWorkerMain.java:69)
	at worker.org.gradle.process.internal.worker.GradleWorkerMain.main(GradleWorkerMain.java:74)
]]></system-err>
</testsuite>
